mode: atomic
github.com/wso2/product-microgateway/adapter/internal/oasparser/utills/open_api_utils.go:41.42,42.25 1 5
github.com/wso2/product-microgateway/adapter/internal/oasparser/utills/open_api_utils.go:45.2,45.30 1 0
github.com/wso2/product-microgateway/adapter/internal/oasparser/utills/open_api_utils.go:42.25,44.3 1 5
github.com/wso2/product-microgateway/adapter/internal/oasparser/utills/open_api_utils.go:50.37,52.2 1 5
github.com/wso2/product-microgateway/adapter/internal/oasparser/utills/open_api_utils.go:54.48,57.2 2 5
github.com/wso2/product-microgateway/adapter/internal/oasparser/utills/open_api_utils.go:60.50,64.16 3 5
github.com/wso2/product-microgateway/adapter/internal/oasparser/utills/open_api_utils.go:72.2,72.44 1 5
github.com/wso2/product-microgateway/adapter/internal/oasparser/utills/open_api_utils.go:87.2,92.29 2 1
github.com/wso2/product-microgateway/adapter/internal/oasparser/utills/open_api_utils.go:64.16,70.3 1 0
github.com/wso2/product-microgateway/adapter/internal/oasparser/utills/open_api_utils.go:72.44,74.3 1 1
github.com/wso2/product-microgateway/adapter/internal/oasparser/utills/open_api_utils.go:74.8,74.51 1 4
github.com/wso2/product-microgateway/adapter/internal/oasparser/utills/open_api_utils.go:74.51,76.3 1 1
github.com/wso2/product-microgateway/adapter/internal/oasparser/utills/open_api_utils.go:76.8,76.64 1 3
github.com/wso2/product-microgateway/adapter/internal/oasparser/utills/open_api_utils.go:76.64,77.53 1 2
github.com/wso2/product-microgateway/adapter/internal/oasparser/utills/open_api_utils.go:80.3,85.32 2 1
github.com/wso2/product-microgateway/adapter/internal/oasparser/utills/open_api_utils.go:77.53,79.4 1 1
github.com/wso2/product-microgateway/adapter/internal/oasparser/utills/open_api_utils.go:97.51,99.2 1 3
github.com/wso2/product-microgateway/adapter/internal/discovery/xds/common/utils.go:46.88,49.50 3 5
github.com/wso2/product-microgateway/adapter/internal/discovery/xds/common/utils.go:57.2,57.44 1 5
github.com/wso2/product-microgateway/adapter/internal/discovery/xds/common/utils.go:64.2,64.39 1 2
github.com/wso2/product-microgateway/adapter/internal/discovery/xds/common/utils.go:67.2,68.13 2 2
github.com/wso2/product-microgateway/adapter/internal/discovery/xds/common/utils.go:49.50,51.22 2 39
github.com/wso2/product-microgateway/adapter/internal/discovery/xds/common/utils.go:51.22,53.9 2 3
github.com/wso2/product-microgateway/adapter/internal/discovery/xds/common/utils.go:57.44,59.3 1 1
github.com/wso2/product-microgateway/adapter/internal/discovery/xds/common/utils.go:59.8,59.29 1 4
github.com/wso2/product-microgateway/adapter/internal/discovery/xds/common/utils.go:59.29,63.3 3 2
github.com/wso2/product-microgateway/adapter/internal/discovery/xds/common/utils.go:64.39,66.3 1 1
github.com/wso2/product-microgateway/adapter/internal/discovery/xds/common/utils.go:72.37,77.2 1 1
github.com/wso2/product-microgateway/adapter/internal/discovery/xds/common/utils.go:80.67,84.2 3 5
github.com/wso2/product-microgateway/adapter/internal/discovery/xds/common/utils.go:87.68,90.65 3 0
github.com/wso2/product-microgateway/adapter/internal/discovery/xds/common/utils.go:93.2,93.23 1 0
github.com/wso2/product-microgateway/adapter/internal/discovery/xds/common/utils.go:90.65,92.3 1 0
github.com/wso2/product-microgateway/adapter/internal/oasparser/operator/operator.go:37.81,39.16 2 12
github.com/wso2/product-microgateway/adapter/internal/oasparser/operator/operator.go:43.2,44.36 2 12
github.com/wso2/product-microgateway/adapter/internal/oasparser/operator/operator.go:39.16,42.3 2 0
github.com/wso2/product-microgateway/adapter/internal/oasparser/operator/operator.go:49.71,53.16 3 12
github.com/wso2/product-microgateway/adapter/internal/oasparser/operator/operator.go:57.2,57.22 1 11
github.com/wso2/product-microgateway/adapter/internal/oasparser/operator/operator.go:53.16,56.3 2 1
github.com/wso2/product-microgateway/adapter/internal/oasparser/operator/operator.go:62.67,65.16 3 0
github.com/wso2/product-microgateway/adapter/internal/oasparser/operator/operator.go:69.2,69.22 1 0
github.com/wso2/product-microgateway/adapter/internal/oasparser/operator/operator.go:65.16,68.3 2 0
github.com/wso2/product-microgateway/adapter/internal/oasparser/operator/operator.go:75.74,77.60 2 0
github.com/wso2/product-microgateway/adapter/internal/oasparser/operator/operator.go:86.2,86.28 1 0
github.com/wso2/product-microgateway/adapter/internal/oasparser/operator/operator.go:77.60,78.39 1 0
github.com/wso2/product-microgateway/adapter/internal/oasparser/operator/operator.go:84.3,84.73 1 0
github.com/wso2/product-microgateway/adapter/internal/oasparser/operator/operator.go:78.39,79.30 1 0
github.com/wso2/product-microgateway/adapter/internal/oasparser/operator/operator.go:82.4,82.21 1 0
github.com/wso2/product-microgateway/adapter/internal/oasparser/operator/operator.go:79.30,81.5 1 0
github.com/wso2/product-microgateway/adapter/internal/oasparser/operator/operator.go:94.73,96.2 1 0
github.com/wso2/product-microgateway/adapter/internal/oasparser/model/common.go:35.47,36.22 1 9
github.com/wso2/product-microgateway/adapter/internal/oasparser/model/common.go:41.2,41.14 1 1
github.com/wso2/product-microgateway/adapter/internal/oasparser/model/common.go:36.22,37.13 1 9
github.com/wso2/product-microgateway/adapter/internal/oasparser/model/common.go:37.13,39.4 1 8
github.com/wso2/product-microgateway/adapter/internal/oasparser/model/common.go:46.73,48.64 2 4
github.com/wso2/product-microgateway/adapter/internal/oasparser/model/common.go:53.2,53.24 1 4
github.com/wso2/product-microgateway/adapter/internal/oasparser/model/common.go:48.64,49.32 1 0
github.com/wso2/product-microgateway/adapter/internal/oasparser/model/common.go:49.32,51.4 1 0
github.com/wso2/product-microgateway/adapter/internal/oasparser/model/common.go:58.71,60.66 2 6
github.com/wso2/product-microgateway/adapter/internal/oasparser/model/common.go:65.2,65.22 1 6
github.com/wso2/product-microgateway/adapter/internal/oasparser/model/common.go:60.66,61.32 1 1
github.com/wso2/product-microgateway/adapter/internal/oasparser/model/common.go:61.32,63.4 1 1
github.com/wso2/product-microgateway/adapter/internal/oasparser/model/common.go:70.80,72.77 2 4
github.com/wso2/product-microgateway/adapter/internal/oasparser/model/common.go:77.2,77.33 1 4
github.com/wso2/product-microgateway/adapter/internal/oasparser/model/common.go:72.77,73.30 1 0
github.com/wso2/product-microgateway/adapter/internal/oasparser/model/common.go:73.30,75.4 1 0
github.com/wso2/product-microgateway/adapter/internal/oasparser/model/common.go:84.76,86.72 2 13
github.com/wso2/product-microgateway/adapter/internal/oasparser/model/common.go:95.2,95.14 1 13
github.com/wso2/product-microgateway/adapter/internal/oasparser/model/common.go:86.72,87.32 1 0
github.com/wso2/product-microgateway/adapter/internal/oasparser/model/common.go:87.32,89.4 1 0
github.com/wso2/product-microgateway/adapter/internal/oasparser/model/common.go:90.8,90.75 1 13
github.com/wso2/product-microgateway/adapter/internal/oasparser/model/common.go:90.75,91.32 1 0
github.com/wso2/product-microgateway/adapter/internal/oasparser/model/common.go:91.32,93.4 1 0
github.com/wso2/product-microgateway/adapter/internal/oasparser/model/common.go:104.75,108.25 4 14
github.com/wso2/product-microgateway/adapter/internal/oasparser/model/common.go:114.2,114.38 1 14
github.com/wso2/product-microgateway/adapter/internal/oasparser/model/common.go:125.2,125.24 1 14
github.com/wso2/product-microgateway/adapter/internal/oasparser/model/common.go:108.25,110.30 1 0
github.com/wso2/product-microgateway/adapter/internal/oasparser/model/common.go:110.30,112.4 1 0
github.com/wso2/product-microgateway/adapter/internal/oasparser/model/common.go:114.38,117.32 1 0
github.com/wso2/product-microgateway/adapter/internal/oasparser/model/common.go:117.32,120.29 1 0
github.com/wso2/product-microgateway/adapter/internal/oasparser/model/common.go:120.29,122.5 1 0
github.com/wso2/product-microgateway/adapter/internal/oasparser/model/common.go:128.56,130.2 1 29
github.com/wso2/product-microgateway/adapter/internal/oasparser/model/common.go:132.61,134.2 1 1
github.com/wso2/product-microgateway/adapter/internal/oasparser/model/common.go:136.82,147.38 3 30
github.com/wso2/product-microgateway/adapter/internal/oasparser/model/common.go:155.2,156.16 2 30
github.com/wso2/product-microgateway/adapter/internal/oasparser/model/common.go:162.2,162.92 1 29
github.com/wso2/product-microgateway/adapter/internal/oasparser/model/common.go:167.2,169.28 3 19
github.com/wso2/product-microgateway/adapter/internal/oasparser/model/common.go:183.2,183.43 1 19
github.com/wso2/product-microgateway/adapter/internal/oasparser/model/common.go:193.2,193.101 1 19
github.com/wso2/product-microgateway/adapter/internal/oasparser/model/common.go:147.38,148.32 1 6
github.com/wso2/product-microgateway/adapter/internal/oasparser/model/common.go:148.32,150.4 1 6
github.com/wso2/product-microgateway/adapter/internal/oasparser/model/common.go:150.9,150.37 1 0
github.com/wso2/product-microgateway/adapter/internal/oasparser/model/common.go:150.37,152.4 1 0
github.com/wso2/product-microgateway/adapter/internal/oasparser/model/common.go:156.16,159.3 2 1
github.com/wso2/product-microgateway/adapter/internal/oasparser/model/common.go:162.92,165.3 2 10
github.com/wso2/product-microgateway/adapter/internal/oasparser/model/common.go:169.28,171.17 2 13
github.com/wso2/product-microgateway/adapter/internal/oasparser/model/common.go:174.3,174.21 1 13
github.com/wso2/product-microgateway/adapter/internal/oasparser/model/common.go:171.17,173.4 1 0
github.com/wso2/product-microgateway/adapter/internal/oasparser/model/common.go:175.8,176.83 1 6
github.com/wso2/product-microgateway/adapter/internal/oasparser/model/common.go:176.83,178.4 1 3
github.com/wso2/product-microgateway/adapter/internal/oasparser/model/common.go:178.9,180.4 1 3
github.com/wso2/product-microgateway/adapter/internal/oasparser/model/common.go:183.43,185.3 1 14
github.com/wso2/product-microgateway/adapter/internal/oasparser/model/common.go:185.8,185.49 1 5
github.com/wso2/product-microgateway/adapter/internal/oasparser/model/common.go:185.49,187.3 1 4
github.com/wso2/product-microgateway/adapter/internal/oasparser/model/common.go:187.8,187.48 1 1
github.com/wso2/product-microgateway/adapter/internal/oasparser/model/common.go:187.48,189.3 1 1
github.com/wso2/product-microgateway/adapter/internal/oasparser/model/common.go:189.8,189.47 1 0
github.com/wso2/product-microgateway/adapter/internal/oasparser/model/common.go:189.47,191.3 1 0
github.com/wso2/product-microgateway/adapter/internal/oasparser/model/common.go:197.117,211.2 1 5
github.com/wso2/product-microgateway/adapter/internal/oasparser/model/mgw_swagger.go:177.56,179.2 1 0
github.com/wso2/product-microgateway/adapter/internal/oasparser/model/mgw_swagger.go:182.48,184.2 1 0
github.com/wso2/product-microgateway/adapter/internal/oasparser/model/mgw_swagger.go:187.48,189.2 1 2
github.com/wso2/product-microgateway/adapter/internal/oasparser/model/mgw_swagger.go:192.46,194.2 1 1
github.com/wso2/product-microgateway/adapter/internal/oasparser/model/mgw_swagger.go:197.54,199.2 1 1
github.com/wso2/product-microgateway/adapter/internal/oasparser/model/mgw_swagger.go:202.63,204.2 1 0
github.com/wso2/product-microgateway/adapter/internal/oasparser/model/mgw_swagger.go:208.73,210.2 1 0
github.com/wso2/product-microgateway/adapter/internal/oasparser/model/mgw_swagger.go:213.64,215.2 1 2
github.com/wso2/product-microgateway/adapter/internal/oasparser/model/mgw_swagger.go:218.76,220.2 1 1
github.com/wso2/product-microgateway/adapter/internal/oasparser/model/mgw_swagger.go:223.64,225.2 1 2
github.com/wso2/product-microgateway/adapter/internal/oasparser/model/mgw_swagger.go:228.55,230.2 1 0
github.com/wso2/product-microgateway/adapter/internal/oasparser/model/mgw_swagger.go:233.52,235.2 1 0
github.com/wso2/product-microgateway/adapter/internal/oasparser/model/mgw_swagger.go:238.60,240.2 1 0
github.com/wso2/product-microgateway/adapter/internal/oasparser/model/mgw_swagger.go:243.54,245.2 1 0
github.com/wso2/product-microgateway/adapter/internal/oasparser/model/mgw_swagger.go:248.43,250.2 1 2
github.com/wso2/product-microgateway/adapter/internal/oasparser/model/mgw_swagger.go:254.59,256.2 1 0
github.com/wso2/product-microgateway/adapter/internal/oasparser/model/mgw_swagger.go:259.59,261.2 1 0
github.com/wso2/product-microgateway/adapter/internal/oasparser/model/mgw_swagger.go:264.64,266.2 1 0
github.com/wso2/product-microgateway/adapter/internal/oasparser/model/mgw_swagger.go:269.45,271.2 1 0
github.com/wso2/product-microgateway/adapter/internal/oasparser/model/mgw_swagger.go:274.49,276.2 1 0
github.com/wso2/product-microgateway/adapter/internal/oasparser/model/mgw_swagger.go:279.79,281.2 1 0
github.com/wso2/product-microgateway/adapter/internal/oasparser/model/mgw_swagger.go:292.72,294.2 1 0
github.com/wso2/product-microgateway/adapter/internal/oasparser/model/mgw_swagger.go:297.55,299.2 1 0
github.com/wso2/product-microgateway/adapter/internal/oasparser/model/mgw_swagger.go:302.66,303.35 1 0
github.com/wso2/product-microgateway/adapter/internal/oasparser/model/mgw_swagger.go:303.35,305.3 1 0
github.com/wso2/product-microgateway/adapter/internal/oasparser/model/mgw_swagger.go:309.56,311.2 1 0
github.com/wso2/product-microgateway/adapter/internal/oasparser/model/mgw_swagger.go:314.65,316.2 1 0
github.com/wso2/product-microgateway/adapter/internal/oasparser/model/mgw_swagger.go:319.64,321.2 1 0
github.com/wso2/product-microgateway/adapter/internal/oasparser/model/mgw_swagger.go:324.64,326.2 1 0
github.com/wso2/product-microgateway/adapter/internal/oasparser/model/mgw_swagger.go:329.55,331.2 1 0
github.com/wso2/product-microgateway/adapter/internal/oasparser/model/mgw_swagger.go:334.82,336.2 1 0
github.com/wso2/product-microgateway/adapter/internal/oasparser/model/mgw_swagger.go:339.63,341.2 1 0
github.com/wso2/product-microgateway/adapter/internal/oasparser/model/mgw_swagger.go:344.84,345.45 1 0
github.com/wso2/product-microgateway/adapter/internal/oasparser/model/mgw_swagger.go:363.2,363.12 1 0
github.com/wso2/product-microgateway/adapter/internal/oasparser/model/mgw_swagger.go:345.45,347.46 2 0
github.com/wso2/product-microgateway/adapter/internal/oasparser/model/mgw_swagger.go:347.46,349.69 2 0
github.com/wso2/product-microgateway/adapter/internal/oasparser/model/mgw_swagger.go:349.69,350.111 1 0
github.com/wso2/product-microgateway/adapter/internal/oasparser/model/mgw_swagger.go:350.111,352.20 2 0
github.com/wso2/product-microgateway/adapter/internal/oasparser/model/mgw_swagger.go:355.6,355.116 1 0
github.com/wso2/product-microgateway/adapter/internal/oasparser/model/mgw_swagger.go:358.6,358.11 1 0
github.com/wso2/product-microgateway/adapter/internal/oasparser/model/mgw_swagger.go:352.20,354.7 1 0
github.com/wso2/product-microgateway/adapter/internal/oasparser/model/mgw_swagger.go:355.116,357.7 1 0
github.com/wso2/product-microgateway/adapter/internal/oasparser/model/mgw_swagger.go:368.180,373.18 4 0
github.com/wso2/product-microgateway/adapter/internal/oasparser/model/mgw_swagger.go:385.2,385.53 1 0
github.com/wso2/product-microgateway/adapter/internal/oasparser/model/mgw_swagger.go:394.2,394.30 1 0
github.com/wso2/product-microgateway/adapter/internal/oasparser/model/mgw_swagger.go:399.2,404.44 3 0
github.com/wso2/product-microgateway/adapter/internal/oasparser/model/mgw_swagger.go:415.2,415.18 1 0
github.com/wso2/product-microgateway/adapter/internal/oasparser/model/mgw_swagger.go:419.2,422.45 2 0
github.com/wso2/product-microgateway/adapter/internal/oasparser/model/mgw_swagger.go:445.2,448.49 3 0
github.com/wso2/product-microgateway/adapter/internal/oasparser/model/mgw_swagger.go:456.2,456.41 1 0
github.com/wso2/product-microgateway/adapter/internal/oasparser/model/mgw_swagger.go:462.2,463.58 2 0
github.com/wso2/product-microgateway/adapter/internal/oasparser/model/mgw_swagger.go:373.18,383.3 2 0
github.com/wso2/product-microgateway/adapter/internal/oasparser/model/mgw_swagger.go:385.53,387.87 1 0
github.com/wso2/product-microgateway/adapter/internal/oasparser/model/mgw_swagger.go:387.87,390.4 2 0
github.com/wso2/product-microgateway/adapter/internal/oasparser/model/mgw_swagger.go:390.9,390.39 1 0
github.com/wso2/product-microgateway/adapter/internal/oasparser/model/mgw_swagger.go:390.39,392.4 1 0
github.com/wso2/product-microgateway/adapter/internal/oasparser/model/mgw_swagger.go:394.30,398.3 2 0
github.com/wso2/product-microgateway/adapter/internal/oasparser/model/mgw_swagger.go:404.44,405.41 1 0
github.com/wso2/product-microgateway/adapter/internal/oasparser/model/mgw_swagger.go:405.41,406.66 1 0
github.com/wso2/product-microgateway/adapter/internal/oasparser/model/mgw_swagger.go:406.66,408.5 1 0
github.com/wso2/product-microgateway/adapter/internal/oasparser/model/mgw_swagger.go:408.10,411.5 1 0
github.com/wso2/product-microgateway/adapter/internal/oasparser/model/mgw_swagger.go:415.18,418.3 2 0
github.com/wso2/product-microgateway/adapter/internal/oasparser/model/mgw_swagger.go:422.45,423.50 1 0
github.com/wso2/product-microgateway/adapter/internal/oasparser/model/mgw_swagger.go:423.50,425.53 2 0
github.com/wso2/product-microgateway/adapter/internal/oasparser/model/mgw_swagger.go:436.4,436.63 1 0
github.com/wso2/product-microgateway/adapter/internal/oasparser/model/mgw_swagger.go:440.4,440.53 1 0
github.com/wso2/product-microgateway/adapter/internal/oasparser/model/mgw_swagger.go:425.53,426.43 1 0
github.com/wso2/product-microgateway/adapter/internal/oasparser/model/mgw_swagger.go:426.43,427.68 1 0
github.com/wso2/product-microgateway/adapter/internal/oasparser/model/mgw_swagger.go:427.68,429.7 1 0
github.com/wso2/product-microgateway/adapter/internal/oasparser/model/mgw_swagger.go:429.12,432.7 1 0
github.com/wso2/product-microgateway/adapter/internal/oasparser/model/mgw_swagger.go:436.63,439.5 2 0
github.com/wso2/product-microgateway/adapter/internal/oasparser/model/mgw_swagger.go:448.49,450.3 1 0
github.com/wso2/product-microgateway/adapter/internal/oasparser/model/mgw_swagger.go:450.8,450.57 1 0
github.com/wso2/product-microgateway/adapter/internal/oasparser/model/mgw_swagger.go:450.57,452.3 1 0
github.com/wso2/product-microgateway/adapter/internal/oasparser/model/mgw_swagger.go:452.8,454.3 1 0
github.com/wso2/product-microgateway/adapter/internal/oasparser/model/mgw_swagger.go:456.41,458.3 1 0
github.com/wso2/product-microgateway/adapter/internal/oasparser/model/mgw_swagger.go:458.8,460.3 1 0
github.com/wso2/product-microgateway/adapter/internal/oasparser/model/mgw_swagger.go:473.55,477.23 3 4
github.com/wso2/product-microgateway/adapter/internal/oasparser/model/mgw_swagger.go:482.2,483.34 2 4
github.com/wso2/product-microgateway/adapter/internal/oasparser/model/mgw_swagger.go:488.2,489.31 2 4
github.com/wso2/product-microgateway/adapter/internal/oasparser/model/mgw_swagger.go:495.2,496.50 1 4
github.com/wso2/product-microgateway/adapter/internal/oasparser/model/mgw_swagger.go:500.2,507.12 6 4
github.com/wso2/product-microgateway/adapter/internal/oasparser/model/mgw_swagger.go:477.23,480.3 2 0
github.com/wso2/product-microgateway/adapter/internal/oasparser/model/mgw_swagger.go:483.34,486.3 2 0
github.com/wso2/product-microgateway/adapter/internal/oasparser/model/mgw_swagger.go:489.31,492.3 2 0
github.com/wso2/product-microgateway/adapter/internal/oasparser/model/mgw_swagger.go:496.50,498.3 1 0
github.com/wso2/product-microgateway/adapter/internal/oasparser/model/mgw_swagger.go:511.85,515.50 3 0
github.com/wso2/product-microgateway/adapter/internal/oasparser/model/mgw_swagger.go:527.2,527.29 1 0
github.com/wso2/product-microgateway/adapter/internal/oasparser/model/mgw_swagger.go:532.2,532.47 1 0
github.com/wso2/product-microgateway/adapter/internal/oasparser/model/mgw_swagger.go:543.2,543.26 1 0
github.com/wso2/product-microgateway/adapter/internal/oasparser/model/mgw_swagger.go:515.50,519.17 3 0
github.com/wso2/product-microgateway/adapter/internal/oasparser/model/mgw_swagger.go:519.17,521.4 1 0
github.com/wso2/product-microgateway/adapter/internal/oasparser/model/mgw_swagger.go:521.9,524.4 1 0
github.com/wso2/product-microgateway/adapter/internal/oasparser/model/mgw_swagger.go:527.29,530.3 2 0
github.com/wso2/product-microgateway/adapter/internal/oasparser/model/mgw_swagger.go:532.47,535.17 3 0
github.com/wso2/product-microgateway/adapter/internal/oasparser/model/mgw_swagger.go:535.17,537.4 1 0
github.com/wso2/product-microgateway/adapter/internal/oasparser/model/mgw_swagger.go:537.9,540.4 1 0
github.com/wso2/product-microgateway/adapter/internal/oasparser/model/mgw_swagger.go:543.26,546.3 2 0
github.com/wso2/product-microgateway/adapter/internal/oasparser/model/mgw_swagger.go:550.65,552.34 2 0
github.com/wso2/product-microgateway/adapter/internal/oasparser/model/mgw_swagger.go:559.2,559.31 1 0
github.com/wso2/product-microgateway/adapter/internal/oasparser/model/mgw_swagger.go:567.2,567.94 1 0
github.com/wso2/product-microgateway/adapter/internal/oasparser/model/mgw_swagger.go:571.2,571.88 1 0
github.com/wso2/product-microgateway/adapter/internal/oasparser/model/mgw_swagger.go:552.34,558.3 4 0
github.com/wso2/product-microgateway/adapter/internal/oasparser/model/mgw_swagger.go:559.31,564.3 4 0
github.com/wso2/product-microgateway/adapter/internal/oasparser/model/mgw_swagger.go:567.94,570.3 1 0
github.com/wso2/product-microgateway/adapter/internal/oasparser/model/mgw_swagger.go:571.88,574.3 1 0
github.com/wso2/product-microgateway/adapter/internal/oasparser/model/mgw_swagger.go:579.77,581.2 1 0
github.com/wso2/product-microgateway/adapter/internal/oasparser/model/mgw_swagger.go:585.83,587.2 1 0
github.com/wso2/product-microgateway/adapter/internal/oasparser/model/mgw_swagger.go:589.71,592.30 3 4
github.com/wso2/product-microgateway/adapter/internal/oasparser/model/mgw_swagger.go:600.2,600.45 1 4
github.com/wso2/product-microgateway/adapter/internal/oasparser/model/mgw_swagger.go:610.2,610.29 1 4
github.com/wso2/product-microgateway/adapter/internal/oasparser/model/mgw_swagger.go:592.30,595.3 2 4
github.com/wso2/product-microgateway/adapter/internal/oasparser/model/mgw_swagger.go:595.8,595.23 1 0
github.com/wso2/product-microgateway/adapter/internal/oasparser/model/mgw_swagger.go:595.23,597.3 1 0
github.com/wso2/product-microgateway/adapter/internal/oasparser/model/mgw_swagger.go:600.45,602.17 2 5
github.com/wso2/product-microgateway/adapter/internal/oasparser/model/mgw_swagger.go:602.17,605.4 1 0
github.com/wso2/product-microgateway/adapter/internal/oasparser/model/mgw_swagger.go:605.9,605.43 1 5
github.com/wso2/product-microgateway/adapter/internal/oasparser/model/mgw_swagger.go:605.43,607.4 1 3
github.com/wso2/product-microgateway/adapter/internal/oasparser/model/mgw_swagger.go:613.68,616.30 3 4
github.com/wso2/product-microgateway/adapter/internal/oasparser/model/mgw_swagger.go:624.2,624.45 1 4
github.com/wso2/product-microgateway/adapter/internal/oasparser/model/mgw_swagger.go:633.2,633.29 1 4
github.com/wso2/product-microgateway/adapter/internal/oasparser/model/mgw_swagger.go:616.30,619.3 2 1
github.com/wso2/product-microgateway/adapter/internal/oasparser/model/mgw_swagger.go:619.8,619.23 1 3
github.com/wso2/product-microgateway/adapter/internal/oasparser/model/mgw_swagger.go:619.23,621.3 1 0
github.com/wso2/product-microgateway/adapter/internal/oasparser/model/mgw_swagger.go:624.45,626.17 2 5
github.com/wso2/product-microgateway/adapter/internal/oasparser/model/mgw_swagger.go:626.17,629.4 1 0
github.com/wso2/product-microgateway/adapter/internal/oasparser/model/mgw_swagger.go:629.9,629.43 1 5
github.com/wso2/product-microgateway/adapter/internal/oasparser/model/mgw_swagger.go:629.43,631.4 1 1
github.com/wso2/product-microgateway/adapter/internal/oasparser/model/mgw_swagger.go:637.54,639.77 2 5
github.com/wso2/product-microgateway/adapter/internal/oasparser/model/mgw_swagger.go:658.2,658.12 1 4
github.com/wso2/product-microgateway/adapter/internal/oasparser/model/mgw_swagger.go:639.77,640.42 1 1
github.com/wso2/product-microgateway/adapter/internal/oasparser/model/mgw_swagger.go:656.3,656.70 1 0
github.com/wso2/product-microgateway/adapter/internal/oasparser/model/mgw_swagger.go:640.42,641.30 1 1
github.com/wso2/product-microgateway/adapter/internal/oasparser/model/mgw_swagger.go:653.4,654.14 2 1
github.com/wso2/product-microgateway/adapter/internal/oasparser/model/mgw_swagger.go:641.30,642.53 1 1
github.com/wso2/product-microgateway/adapter/internal/oasparser/model/mgw_swagger.go:642.53,643.30 1 1
github.com/wso2/product-microgateway/adapter/internal/oasparser/model/mgw_swagger.go:643.30,645.47 2 1
github.com/wso2/product-microgateway/adapter/internal/oasparser/model/mgw_swagger.go:645.47,647.8 1 1
github.com/wso2/product-microgateway/adapter/internal/oasparser/model/mgw_swagger.go:647.13,647.28 1 0
github.com/wso2/product-microgateway/adapter/internal/oasparser/model/mgw_swagger.go:647.28,649.8 1 0
github.com/wso2/product-microgateway/adapter/internal/oasparser/model/mgw_swagger.go:662.96,663.29 1 0
github.com/wso2/product-microgateway/adapter/internal/oasparser/model/mgw_swagger.go:666.2,666.35 1 0
github.com/wso2/product-microgateway/adapter/internal/oasparser/model/mgw_swagger.go:670.2,670.49 1 0
github.com/wso2/product-microgateway/adapter/internal/oasparser/model/mgw_swagger.go:682.2,682.47 1 0
github.com/wso2/product-microgateway/adapter/internal/oasparser/model/mgw_swagger.go:697.2,697.12 1 0
github.com/wso2/product-microgateway/adapter/internal/oasparser/model/mgw_swagger.go:663.29,665.3 1 0
github.com/wso2/product-microgateway/adapter/internal/oasparser/model/mgw_swagger.go:666.35,668.3 1 0
github.com/wso2/product-microgateway/adapter/internal/oasparser/model/mgw_swagger.go:670.49,672.20 2 0
github.com/wso2/product-microgateway/adapter/internal/oasparser/model/mgw_swagger.go:672.20,674.18 2 0
github.com/wso2/product-microgateway/adapter/internal/oasparser/model/mgw_swagger.go:677.4,677.65 1 0
github.com/wso2/product-microgateway/adapter/internal/oasparser/model/mgw_swagger.go:674.18,676.5 1 0
github.com/wso2/product-microgateway/adapter/internal/oasparser/model/mgw_swagger.go:682.47,684.23 2 0
github.com/wso2/product-microgateway/adapter/internal/oasparser/model/mgw_swagger.go:684.23,686.18 2 0
github.com/wso2/product-microgateway/adapter/internal/oasparser/model/mgw_swagger.go:689.4,694.52 3 0
github.com/wso2/product-microgateway/adapter/internal/oasparser/model/mgw_swagger.go:686.18,688.5 1 0
github.com/wso2/product-microgateway/adapter/internal/oasparser/model/mgw_swagger.go:700.53,702.16 2 4
github.com/wso2/product-microgateway/adapter/internal/oasparser/model/mgw_swagger.go:702.16,704.3 1 0
github.com/wso2/product-microgateway/adapter/internal/oasparser/model/mgw_swagger.go:708.49,710.31 2 4
github.com/wso2/product-microgateway/adapter/internal/oasparser/model/mgw_swagger.go:710.31,712.3 1 0
github.com/wso2/product-microgateway/adapter/internal/oasparser/model/mgw_swagger.go:715.49,717.2 1 4
github.com/wso2/product-microgateway/adapter/internal/oasparser/model/mgw_swagger.go:721.45,722.75 1 4
github.com/wso2/product-microgateway/adapter/internal/oasparser/model/mgw_swagger.go:758.2,759.16 2 1
github.com/wso2/product-microgateway/adapter/internal/oasparser/model/mgw_swagger.go:763.2,763.12 1 1
github.com/wso2/product-microgateway/adapter/internal/oasparser/model/mgw_swagger.go:722.75,724.86 1 4
github.com/wso2/product-microgateway/adapter/internal/oasparser/model/mgw_swagger.go:730.3,731.17 2 4
github.com/wso2/product-microgateway/adapter/internal/oasparser/model/mgw_swagger.go:736.3,737.17 2 3
github.com/wso2/product-microgateway/adapter/internal/oasparser/model/mgw_swagger.go:743.3,743.41 1 1
github.com/wso2/product-microgateway/adapter/internal/oasparser/model/mgw_swagger.go:724.86,729.4 2 0
github.com/wso2/product-microgateway/adapter/internal/oasparser/model/mgw_swagger.go:731.17,735.4 2 1
github.com/wso2/product-microgateway/adapter/internal/oasparser/model/mgw_swagger.go:737.17,741.4 2 2
github.com/wso2/product-microgateway/adapter/internal/oasparser/model/mgw_swagger.go:743.41,745.18 2 2
github.com/wso2/product-microgateway/adapter/internal/oasparser/model/mgw_swagger.go:750.4,751.18 2 2
github.com/wso2/product-microgateway/adapter/internal/oasparser/model/mgw_swagger.go:745.18,749.5 2 0
github.com/wso2/product-microgateway/adapter/internal/oasparser/model/mgw_swagger.go:751.18,755.5 2 0
github.com/wso2/product-microgateway/adapter/internal/oasparser/model/mgw_swagger.go:759.16,762.3 2 0
github.com/wso2/product-microgateway/adapter/internal/oasparser/model/mgw_swagger.go:766.53,767.33 1 5
github.com/wso2/product-microgateway/adapter/internal/oasparser/model/mgw_swagger.go:773.2,773.12 1 2
github.com/wso2/product-microgateway/adapter/internal/oasparser/model/mgw_swagger.go:767.33,770.3 1 1
github.com/wso2/product-microgateway/adapter/internal/oasparser/model/mgw_swagger.go:770.8,770.100 1 4
github.com/wso2/product-microgateway/adapter/internal/oasparser/model/mgw_swagger.go:770.100,772.3 1 2
github.com/wso2/product-microgateway/adapter/internal/oasparser/model/mgw_swagger.go:776.52,777.46 1 9
github.com/wso2/product-microgateway/adapter/internal/oasparser/model/mgw_swagger.go:780.2,780.49 1 9
github.com/wso2/product-microgateway/adapter/internal/oasparser/model/mgw_swagger.go:783.2,783.29 1 9
github.com/wso2/product-microgateway/adapter/internal/oasparser/model/mgw_swagger.go:786.2,786.43 1 9
github.com/wso2/product-microgateway/adapter/internal/oasparser/model/mgw_swagger.go:789.2,791.12 3 6
github.com/wso2/product-microgateway/adapter/internal/oasparser/model/mgw_swagger.go:777.46,779.3 1 0
github.com/wso2/product-microgateway/adapter/internal/oasparser/model/mgw_swagger.go:780.49,782.3 1 0
github.com/wso2/product-microgateway/adapter/internal/oasparser/model/mgw_swagger.go:783.29,785.3 1 0
github.com/wso2/product-microgateway/adapter/internal/oasparser/model/mgw_swagger.go:786.43,788.3 1 3
github.com/wso2/product-microgateway/adapter/internal/oasparser/model/mgw_swagger.go:795.55,797.2 1 2
github.com/wso2/product-microgateway/adapter/internal/oasparser/model/mgw_swagger.go:799.55,802.78 3 0
github.com/wso2/product-microgateway/adapter/internal/oasparser/model/mgw_swagger.go:807.2,808.53 2 0
github.com/wso2/product-microgateway/adapter/internal/oasparser/model/mgw_swagger.go:816.2,816.31 1 0
github.com/wso2/product-microgateway/adapter/internal/oasparser/model/mgw_swagger.go:819.2,819.44 1 0
github.com/wso2/product-microgateway/adapter/internal/oasparser/model/mgw_swagger.go:802.78,806.3 2 0
github.com/wso2/product-microgateway/adapter/internal/oasparser/model/mgw_swagger.go:808.53,809.43 1 0
github.com/wso2/product-microgateway/adapter/internal/oasparser/model/mgw_swagger.go:809.43,812.4 1 0
github.com/wso2/product-microgateway/adapter/internal/oasparser/model/mgw_swagger.go:812.9,814.4 1 0
github.com/wso2/product-microgateway/adapter/internal/oasparser/model/mgw_swagger.go:816.31,818.3 1 0
github.com/wso2/product-microgateway/adapter/internal/oasparser/model/mgw_swagger.go:822.92,823.66 1 11
github.com/wso2/product-microgateway/adapter/internal/oasparser/model/mgw_swagger.go:847.2,847.12 1 8
github.com/wso2/product-microgateway/adapter/internal/oasparser/model/mgw_swagger.go:823.66,825.54 2 9
github.com/wso2/product-microgateway/adapter/internal/oasparser/model/mgw_swagger.go:834.3,834.36 1 6
github.com/wso2/product-microgateway/adapter/internal/oasparser/model/mgw_swagger.go:825.54,827.18 2 9
github.com/wso2/product-microgateway/adapter/internal/oasparser/model/mgw_swagger.go:827.18,831.5 2 3
github.com/wso2/product-microgateway/adapter/internal/oasparser/model/mgw_swagger.go:834.36,836.49 1 0
github.com/wso2/product-microgateway/adapter/internal/oasparser/model/mgw_swagger.go:840.4,842.67 3 0
github.com/wso2/product-microgateway/adapter/internal/oasparser/model/mgw_swagger.go:836.49,838.5 1 0
github.com/wso2/product-microgateway/adapter/internal/oasparser/model/mgw_swagger.go:842.67,844.5 1 0
github.com/wso2/product-microgateway/adapter/internal/oasparser/model/mgw_swagger.go:858.129,861.73 1 22
github.com/wso2/product-microgateway/adapter/internal/oasparser/model/mgw_swagger.go:943.2,943.17 1 10
github.com/wso2/product-microgateway/adapter/internal/oasparser/model/mgw_swagger.go:861.73,862.81 1 12
github.com/wso2/product-microgateway/adapter/internal/oasparser/model/mgw_swagger.go:940.3,941.59 2 0
github.com/wso2/product-microgateway/adapter/internal/oasparser/model/mgw_swagger.go:862.81,864.69 2 11
github.com/wso2/product-microgateway/adapter/internal/oasparser/model/mgw_swagger.go:869.4,873.72 2 11
github.com/wso2/product-microgateway/adapter/internal/oasparser/model/mgw_swagger.go:892.4,892.66 1 11
github.com/wso2/product-microgateway/adapter/internal/oasparser/model/mgw_swagger.go:898.4,898.98 1 11
github.com/wso2/product-microgateway/adapter/internal/oasparser/model/mgw_swagger.go:911.4,911.84 1 11
github.com/wso2/product-microgateway/adapter/internal/oasparser/model/mgw_swagger.go:927.4,927.32 1 11
github.com/wso2/product-microgateway/adapter/internal/oasparser/model/mgw_swagger.go:864.69,866.5 1 8
github.com/wso2/product-microgateway/adapter/internal/oasparser/model/mgw_swagger.go:866.10,866.78 1 3
github.com/wso2/product-microgateway/adapter/internal/oasparser/model/mgw_swagger.go:866.78,868.5 1 2
github.com/wso2/product-microgateway/adapter/internal/oasparser/model/mgw_swagger.go:873.72,874.58 1 11
github.com/wso2/product-microgateway/adapter/internal/oasparser/model/mgw_swagger.go:874.58,876.20 2 11
github.com/wso2/product-microgateway/adapter/internal/oasparser/model/mgw_swagger.go:879.6,880.58 2 11
github.com/wso2/product-microgateway/adapter/internal/oasparser/model/mgw_swagger.go:876.20,878.7 1 0
github.com/wso2/product-microgateway/adapter/internal/oasparser/model/mgw_swagger.go:881.11,883.6 1 0
github.com/wso2/product-microgateway/adapter/internal/oasparser/model/mgw_swagger.go:884.10,889.5 3 0
github.com/wso2/product-microgateway/adapter/internal/oasparser/model/mgw_swagger.go:892.66,893.48 1 7
github.com/wso2/product-microgateway/adapter/internal/oasparser/model/mgw_swagger.go:893.48,895.6 1 7
github.com/wso2/product-microgateway/adapter/internal/oasparser/model/mgw_swagger.go:898.98,899.76 1 0
github.com/wso2/product-microgateway/adapter/internal/oasparser/model/mgw_swagger.go:899.76,902.20 3 0
github.com/wso2/product-microgateway/adapter/internal/oasparser/model/mgw_swagger.go:905.6,905.46 1 0
github.com/wso2/product-microgateway/adapter/internal/oasparser/model/mgw_swagger.go:902.20,904.7 1 0
github.com/wso2/product-microgateway/adapter/internal/oasparser/model/mgw_swagger.go:906.11,908.6 1 0
github.com/wso2/product-microgateway/adapter/internal/oasparser/model/mgw_swagger.go:911.84,912.69 1 0
github.com/wso2/product-microgateway/adapter/internal/oasparser/model/mgw_swagger.go:912.69,915.20 3 0
github.com/wso2/product-microgateway/adapter/internal/oasparser/model/mgw_swagger.go:919.6,919.54 1 0
github.com/wso2/product-microgateway/adapter/internal/oasparser/model/mgw_swagger.go:923.6,924.49 2 0
github.com/wso2/product-microgateway/adapter/internal/oasparser/model/mgw_swagger.go:915.20,918.7 1 0
github.com/wso2/product-microgateway/adapter/internal/oasparser/model/mgw_swagger.go:919.54,922.7 1 0
github.com/wso2/product-microgateway/adapter/internal/oasparser/model/mgw_swagger.go:928.9,929.135 1 1
github.com/wso2/product-microgateway/adapter/internal/oasparser/model/mgw_swagger.go:929.135,931.49 2 1
github.com/wso2/product-microgateway/adapter/internal/oasparser/model/mgw_swagger.go:931.49,933.58 2 1
github.com/wso2/product-microgateway/adapter/internal/oasparser/model/mgw_swagger.go:936.5,936.72 1 0
github.com/wso2/product-microgateway/adapter/internal/oasparser/model/mgw_swagger.go:933.58,935.6 1 1
github.com/wso2/product-microgateway/adapter/internal/oasparser/model/mgw_swagger.go:946.71,948.30 2 11
github.com/wso2/product-microgateway/adapter/internal/oasparser/model/mgw_swagger.go:972.2,972.23 1 11
github.com/wso2/product-microgateway/adapter/internal/oasparser/model/mgw_swagger.go:948.30,949.100 1 11
github.com/wso2/product-microgateway/adapter/internal/oasparser/model/mgw_swagger.go:949.100,952.18 3 0
github.com/wso2/product-microgateway/adapter/internal/oasparser/model/mgw_swagger.go:956.4,957.18 2 0
github.com/wso2/product-microgateway/adapter/internal/oasparser/model/mgw_swagger.go:952.18,954.13 2 0
github.com/wso2/product-microgateway/adapter/internal/oasparser/model/mgw_swagger.go:957.18,960.5 2 0
github.com/wso2/product-microgateway/adapter/internal/oasparser/model/mgw_swagger.go:960.10,962.5 1 0
github.com/wso2/product-microgateway/adapter/internal/oasparser/model/mgw_swagger.go:963.9,965.18 2 11
github.com/wso2/product-microgateway/adapter/internal/oasparser/model/mgw_swagger.go:965.18,967.5 1 11
github.com/wso2/product-microgateway/adapter/internal/oasparser/model/mgw_swagger.go:967.10,969.5 1 0
github.com/wso2/product-microgateway/adapter/internal/oasparser/model/mgw_swagger.go:975.47,977.23 2 4
github.com/wso2/product-microgateway/adapter/internal/oasparser/model/mgw_swagger.go:977.23,979.3 1 0
github.com/wso2/product-microgateway/adapter/internal/oasparser/model/mgw_swagger.go:982.58,985.2 2 4
github.com/wso2/product-microgateway/adapter/internal/oasparser/model/mgw_swagger.go:987.43,988.81 1 4
github.com/wso2/product-microgateway/adapter/internal/oasparser/model/mgw_swagger.go:988.81,990.78 2 1
github.com/wso2/product-microgateway/adapter/internal/oasparser/model/mgw_swagger.go:1008.3,1008.81 1 0
github.com/wso2/product-microgateway/adapter/internal/oasparser/model/mgw_swagger.go:990.78,996.18 3 1
github.com/wso2/product-microgateway/adapter/internal/oasparser/model/mgw_swagger.go:1000.4,1000.26 1 0
github.com/wso2/product-microgateway/adapter/internal/oasparser/model/mgw_swagger.go:1005.4,1006.10 2 0
github.com/wso2/product-microgateway/adapter/internal/oasparser/model/mgw_swagger.go:996.18,999.5 2 1
github.com/wso2/product-microgateway/adapter/internal/oasparser/model/mgw_swagger.go:1000.26,1004.5 3 0
github.com/wso2/product-microgateway/adapter/internal/oasparser/model/mgw_swagger.go:1009.8,1011.3 1 3
github.com/wso2/product-microgateway/adapter/internal/oasparser/model/mgw_swagger.go:1014.113,1015.24 1 20
github.com/wso2/product-microgateway/adapter/internal/oasparser/model/mgw_swagger.go:1023.2,1023.12 1 18
github.com/wso2/product-microgateway/adapter/internal/oasparser/model/mgw_swagger.go:1015.24,1022.3 2 2
github.com/wso2/product-microgateway/adapter/internal/oasparser/model/mgw_swagger.go:1026.39,1037.2 3 3
github.com/wso2/product-microgateway/adapter/internal/oasparser/model/mgw_swagger.go:1040.191,1043.32 2 0
github.com/wso2/product-microgateway/adapter/internal/oasparser/model/mgw_swagger.go:1070.2,1070.32 1 0
github.com/wso2/product-microgateway/adapter/internal/oasparser/model/mgw_swagger.go:1043.32,1048.35 3 0
github.com/wso2/product-microgateway/adapter/internal/oasparser/model/mgw_swagger.go:1054.3,1056.35 2 0
github.com/wso2/product-microgateway/adapter/internal/oasparser/model/mgw_swagger.go:1066.3,1066.34 1 0
github.com/wso2/product-microgateway/adapter/internal/oasparser/model/mgw_swagger.go:1048.35,1049.13 1 0
github.com/wso2/product-microgateway/adapter/internal/oasparser/model/mgw_swagger.go:1052.4,1052.127 1 0
github.com/wso2/product-microgateway/adapter/internal/oasparser/model/mgw_swagger.go:1049.13,1051.5 1 0
github.com/wso2/product-microgateway/adapter/internal/oasparser/model/mgw_swagger.go:1056.35,1058.34 1 0
github.com/wso2/product-microgateway/adapter/internal/oasparser/model/mgw_swagger.go:1058.34,1060.5 1 0
github.com/wso2/product-microgateway/adapter/internal/oasparser/model/mgw_swagger.go:1060.10,1060.36 1 0
github.com/wso2/product-microgateway/adapter/internal/oasparser/model/mgw_swagger.go:1060.36,1063.5 1 0
github.com/wso2/product-microgateway/adapter/internal/oasparser/model/mgw_swagger.go:1066.34,1068.4 1 0
github.com/wso2/product-microgateway/adapter/internal/oasparser/model/mgw_swagger.go:1075.138,1082.56 6 0
github.com/wso2/product-microgateway/adapter/internal/oasparser/model/mgw_swagger.go:1144.2,1144.28 1 0
github.com/wso2/product-microgateway/adapter/internal/oasparser/model/mgw_swagger.go:1082.56,1083.48 1 0
github.com/wso2/product-microgateway/adapter/internal/oasparser/model/mgw_swagger.go:1142.3,1142.91 1 0
github.com/wso2/product-microgateway/adapter/internal/oasparser/model/mgw_swagger.go:1083.48,1085.52 1 0
github.com/wso2/product-microgateway/adapter/internal/oasparser/model/mgw_swagger.go:1103.4,1103.56 1 0
github.com/wso2/product-microgateway/adapter/internal/oasparser/model/mgw_swagger.go:1112.4,1112.56 1 0
github.com/wso2/product-microgateway/adapter/internal/oasparser/model/mgw_swagger.go:1121.4,1121.50 1 0
github.com/wso2/product-microgateway/adapter/internal/oasparser/model/mgw_swagger.go:1133.4,1140.5 1 0
github.com/wso2/product-microgateway/adapter/internal/oasparser/model/mgw_swagger.go:1085.52,1088.19 3 0
github.com/wso2/product-microgateway/adapter/internal/oasparser/model/mgw_swagger.go:1092.5,1092.32 1 0
github.com/wso2/product-microgateway/adapter/internal/oasparser/model/mgw_swagger.go:1096.5,1096.54 1 0
github.com/wso2/product-microgateway/adapter/internal/oasparser/model/mgw_swagger.go:1088.19,1091.6 2 0
github.com/wso2/product-microgateway/adapter/internal/oasparser/model/mgw_swagger.go:1092.32,1095.6 1 0
github.com/wso2/product-microgateway/adapter/internal/oasparser/model/mgw_swagger.go:1098.10,1101.5 2 0
github.com/wso2/product-microgateway/adapter/internal/oasparser/model/mgw_swagger.go:1103.56,1105.19 2 0
github.com/wso2/product-microgateway/adapter/internal/oasparser/model/mgw_swagger.go:1105.19,1107.6 1 0
github.com/wso2/product-microgateway/adapter/internal/oasparser/model/mgw_swagger.go:1107.11,1109.6 1 0
github.com/wso2/product-microgateway/adapter/internal/oasparser/model/mgw_swagger.go:1112.56,1114.19 2 0
github.com/wso2/product-microgateway/adapter/internal/oasparser/model/mgw_swagger.go:1114.19,1116.6 1 0
github.com/wso2/product-microgateway/adapter/internal/oasparser/model/mgw_swagger.go:1116.11,1118.6 1 0
github.com/wso2/product-microgateway/adapter/internal/oasparser/model/mgw_swagger.go:1121.50,1123.26 2 0
github.com/wso2/product-microgateway/adapter/internal/oasparser/model/mgw_swagger.go:1123.26,1126.33 2 0
github.com/wso2/product-microgateway/adapter/internal/oasparser/model/mgw_swagger.go:1129.6,1129.58 1 0
github.com/wso2/product-microgateway/adapter/internal/oasparser/model/mgw_swagger.go:1126.33,1128.7 1 0
github.com/wso2/product-microgateway/adapter/internal/oasparser/model/mgw_swagger.go:1148.84,1150.35 2 0
github.com/wso2/product-microgateway/adapter/internal/oasparser/model/mgw_swagger.go:1168.2,1168.18 1 0
github.com/wso2/product-microgateway/adapter/internal/oasparser/model/mgw_swagger.go:1150.35,1151.37 1 0
github.com/wso2/product-microgateway/adapter/internal/oasparser/model/mgw_swagger.go:1152.26,1153.35 1 0
github.com/wso2/product-microgateway/adapter/internal/oasparser/model/mgw_swagger.go:1154.23,1155.32 1 0
github.com/wso2/product-microgateway/adapter/internal/oasparser/model/mgw_swagger.go:1156.27,1157.35 1 0
github.com/wso2/product-microgateway/adapter/internal/oasparser/model/mgw_swagger.go:1158.27,1159.36 1 0
github.com/wso2/product-microgateway/adapter/internal/oasparser/model/mgw_swagger.go:1160.24,1161.33 1 0
github.com/wso2/product-microgateway/adapter/internal/oasparser/model/mgw_swagger.go:1162.28,1163.37 1 0
github.com/wso2/product-microgateway/adapter/internal/oasparser/model/mgw_swagger.go:1164.29,1165.38 1 0
github.com/wso2/product-microgateway/adapter/internal/oasparser/model/mgw_swagger.go:1173.67,1176.16 2 1
github.com/wso2/product-microgateway/adapter/internal/oasparser/model/mgw_swagger.go:1180.2,1182.45 2 1
github.com/wso2/product-microgateway/adapter/internal/oasparser/model/mgw_swagger.go:1207.2,1207.16 1 1
github.com/wso2/product-microgateway/adapter/internal/oasparser/model/mgw_swagger.go:1215.2,1216.16 2 1
github.com/wso2/product-microgateway/adapter/internal/oasparser/model/mgw_swagger.go:1221.2,1221.12 1 1
github.com/wso2/product-microgateway/adapter/internal/oasparser/model/mgw_swagger.go:1176.16,1179.3 2 0
github.com/wso2/product-microgateway/adapter/internal/oasparser/model/mgw_swagger.go:1182.45,1185.17 3 1
github.com/wso2/product-microgateway/adapter/internal/oasparser/model/mgw_swagger.go:1185.17,1187.4 1 1
github.com/wso2/product-microgateway/adapter/internal/oasparser/model/mgw_swagger.go:1188.8,1188.52 1 0
github.com/wso2/product-microgateway/adapter/internal/oasparser/model/mgw_swagger.go:1188.52,1191.17 3 0
github.com/wso2/product-microgateway/adapter/internal/oasparser/model/mgw_swagger.go:1191.17,1193.4 1 0
github.com/wso2/product-microgateway/adapter/internal/oasparser/model/mgw_swagger.go:1194.8,1194.53 1 0
github.com/wso2/product-microgateway/adapter/internal/oasparser/model/mgw_swagger.go:1194.53,1197.17 3 0
github.com/wso2/product-microgateway/adapter/internal/oasparser/model/mgw_swagger.go:1197.17,1199.18 2 0
github.com/wso2/product-microgateway/adapter/internal/oasparser/model/mgw_swagger.go:1199.18,1201.5 1 0
github.com/wso2/product-microgateway/adapter/internal/oasparser/model/mgw_swagger.go:1203.8,1205.3 1 0
github.com/wso2/product-microgateway/adapter/internal/oasparser/model/mgw_swagger.go:1207.16,1214.3 2 0
github.com/wso2/product-microgateway/adapter/internal/oasparser/model/mgw_swagger.go:1216.16,1220.3 2 0
github.com/wso2/product-microgateway/adapter/internal/oasparser/model/mgw_swagger.go:1226.71,1246.65 11 1
github.com/wso2/product-microgateway/adapter/internal/oasparser/model/mgw_swagger.go:1250.2,1255.72 3 1
github.com/wso2/product-microgateway/adapter/internal/oasparser/model/mgw_swagger.go:1259.2,1259.49 1 1
github.com/wso2/product-microgateway/adapter/internal/oasparser/model/mgw_swagger.go:1301.2,1301.46 1 1
github.com/wso2/product-microgateway/adapter/internal/oasparser/model/mgw_swagger.go:1344.2,1344.97 1 1
github.com/wso2/product-microgateway/adapter/internal/oasparser/model/mgw_swagger.go:1354.2,1354.91 1 1
github.com/wso2/product-microgateway/adapter/internal/oasparser/model/mgw_swagger.go:1363.2,1363.12 1 1
github.com/wso2/product-microgateway/adapter/internal/oasparser/model/mgw_swagger.go:1246.65,1248.3 1 0
github.com/wso2/product-microgateway/adapter/internal/oasparser/model/mgw_swagger.go:1255.72,1257.3 1 0
github.com/wso2/product-microgateway/adapter/internal/oasparser/model/mgw_swagger.go:1259.49,1263.69 4 0
github.com/wso2/product-microgateway/adapter/internal/oasparser/model/mgw_swagger.go:1275.3,1275.58 1 0
github.com/wso2/product-microgateway/adapter/internal/oasparser/model/mgw_swagger.go:1290.3,1290.38 1 0
github.com/wso2/product-microgateway/adapter/internal/oasparser/model/mgw_swagger.go:1298.3,1298.121 1 0
github.com/wso2/product-microgateway/adapter/internal/oasparser/model/mgw_swagger.go:1263.69,1264.39 1 0
github.com/wso2/product-microgateway/adapter/internal/oasparser/model/mgw_swagger.go:1264.39,1266.19 2 0
github.com/wso2/product-microgateway/adapter/internal/oasparser/model/mgw_swagger.go:1266.19,1268.6 1 0
github.com/wso2/product-microgateway/adapter/internal/oasparser/model/mgw_swagger.go:1268.11,1270.6 1 0
github.com/wso2/product-microgateway/adapter/internal/oasparser/model/mgw_swagger.go:1271.10,1273.5 1 0
github.com/wso2/product-microgateway/adapter/internal/oasparser/model/mgw_swagger.go:1275.58,1277.78 2 0
github.com/wso2/product-microgateway/adapter/internal/oasparser/model/mgw_swagger.go:1277.78,1278.40 1 0
github.com/wso2/product-microgateway/adapter/internal/oasparser/model/mgw_swagger.go:1278.40,1280.20 2 0
github.com/wso2/product-microgateway/adapter/internal/oasparser/model/mgw_swagger.go:1280.20,1282.7 1 0
github.com/wso2/product-microgateway/adapter/internal/oasparser/model/mgw_swagger.go:1282.12,1284.7 1 0
github.com/wso2/product-microgateway/adapter/internal/oasparser/model/mgw_swagger.go:1285.11,1287.6 1 0
github.com/wso2/product-microgateway/adapter/internal/oasparser/model/mgw_swagger.go:1290.38,1292.18 2 0
github.com/wso2/product-microgateway/adapter/internal/oasparser/model/mgw_swagger.go:1292.18,1294.5 1 0
github.com/wso2/product-microgateway/adapter/internal/oasparser/model/mgw_swagger.go:1294.10,1296.5 1 0
github.com/wso2/product-microgateway/adapter/internal/oasparser/model/mgw_swagger.go:1301.46,1305.66 4 0
github.com/wso2/product-microgateway/adapter/internal/oasparser/model/mgw_swagger.go:1317.3,1317.55 1 0
github.com/wso2/product-microgateway/adapter/internal/oasparser/model/mgw_swagger.go:1332.3,1332.38 1 0
github.com/wso2/product-microgateway/adapter/internal/oasparser/model/mgw_swagger.go:1340.3,1340.118 1 0
github.com/wso2/product-microgateway/adapter/internal/oasparser/model/mgw_swagger.go:1305.66,1306.39 1 0
github.com/wso2/product-microgateway/adapter/internal/oasparser/model/mgw_swagger.go:1306.39,1308.19 2 0
github.com/wso2/product-microgateway/adapter/internal/oasparser/model/mgw_swagger.go:1308.19,1310.6 1 0
github.com/wso2/product-microgateway/adapter/internal/oasparser/model/mgw_swagger.go:1310.11,1312.6 1 0
github.com/wso2/product-microgateway/adapter/internal/oasparser/model/mgw_swagger.go:1313.10,1315.5 1 0
github.com/wso2/product-microgateway/adapter/internal/oasparser/model/mgw_swagger.go:1317.55,1319.75 2 0
github.com/wso2/product-microgateway/adapter/internal/oasparser/model/mgw_swagger.go:1319.75,1320.40 1 0
github.com/wso2/product-microgateway/adapter/internal/oasparser/model/mgw_swagger.go:1320.40,1322.20 2 0
github.com/wso2/product-microgateway/adapter/internal/oasparser/model/mgw_swagger.go:1322.20,1324.7 1 0
github.com/wso2/product-microgateway/adapter/internal/oasparser/model/mgw_swagger.go:1324.12,1326.7 1 0
github.com/wso2/product-microgateway/adapter/internal/oasparser/model/mgw_swagger.go:1327.11,1329.6 1 0
github.com/wso2/product-microgateway/adapter/internal/oasparser/model/mgw_swagger.go:1332.38,1334.18 2 0
github.com/wso2/product-microgateway/adapter/internal/oasparser/model/mgw_swagger.go:1334.18,1336.5 1 0
github.com/wso2/product-microgateway/adapter/internal/oasparser/model/mgw_swagger.go:1336.10,1338.5 1 0
github.com/wso2/product-microgateway/adapter/internal/oasparser/model/mgw_swagger.go:1344.97,1345.145 1 0
github.com/wso2/product-microgateway/adapter/internal/oasparser/model/mgw_swagger.go:1345.145,1347.4 1 0
github.com/wso2/product-microgateway/adapter/internal/oasparser/model/mgw_swagger.go:1347.9,1351.4 2 0
github.com/wso2/product-microgateway/adapter/internal/oasparser/model/mgw_swagger.go:1354.91,1355.139 1 0
github.com/wso2/product-microgateway/adapter/internal/oasparser/model/mgw_swagger.go:1355.139,1357.4 1 0
github.com/wso2/product-microgateway/adapter/internal/oasparser/model/mgw_swagger.go:1357.9,1361.4 2 0
github.com/wso2/product-microgateway/adapter/internal/oasparser/model/api_yaml.go:122.39,124.2 1 2
github.com/wso2/product-microgateway/adapter/internal/oasparser/model/api_yaml.go:127.66,129.16 2 0
github.com/wso2/product-microgateway/adapter/internal/oasparser/model/api_yaml.go:134.2,135.16 2 0
github.com/wso2/product-microgateway/adapter/internal/oasparser/model/api_yaml.go:140.2,141.80 2 0
github.com/wso2/product-microgateway/adapter/internal/oasparser/model/api_yaml.go:144.2,145.16 2 0
github.com/wso2/product-microgateway/adapter/internal/oasparser/model/api_yaml.go:150.2,150.77 1 0
github.com/wso2/product-microgateway/adapter/internal/oasparser/model/api_yaml.go:156.2,156.21 1 0
github.com/wso2/product-microgateway/adapter/internal/oasparser/model/api_yaml.go:129.16,132.3 2 0
github.com/wso2/product-microgateway/adapter/internal/oasparser/model/api_yaml.go:135.16,138.3 2 0
github.com/wso2/product-microgateway/adapter/internal/oasparser/model/api_yaml.go:141.80,143.3 1 0
github.com/wso2/product-microgateway/adapter/internal/oasparser/model/api_yaml.go:145.16,148.3 2 0
github.com/wso2/product-microgateway/adapter/internal/oasparser/model/api_yaml.go:150.77,155.3 4 0
github.com/wso2/product-microgateway/adapter/internal/oasparser/model/api_yaml.go:160.47,164.39 3 0
github.com/wso2/product-microgateway/adapter/internal/oasparser/model/api_yaml.go:164.39,166.3 1 0
github.com/wso2/product-microgateway/adapter/internal/oasparser/model/api_yaml.go:170.57,175.19 4 0
github.com/wso2/product-microgateway/adapter/internal/oasparser/model/api_yaml.go:180.2,180.22 1 0
github.com/wso2/product-microgateway/adapter/internal/oasparser/model/api_yaml.go:185.2,185.32 1 0
github.com/wso2/product-microgateway/adapter/internal/oasparser/model/api_yaml.go:189.2,191.57 1 0
github.com/wso2/product-microgateway/adapter/internal/oasparser/model/api_yaml.go:195.2,195.18 1 0
github.com/wso2/product-microgateway/adapter/internal/oasparser/model/api_yaml.go:200.2,200.80 1 0
github.com/wso2/product-microgateway/adapter/internal/oasparser/model/api_yaml.go:212.2,212.12 1 0
github.com/wso2/product-microgateway/adapter/internal/oasparser/model/api_yaml.go:175.19,178.3 2 0
github.com/wso2/product-microgateway/adapter/internal/oasparser/model/api_yaml.go:180.22,183.3 2 0
github.com/wso2/product-microgateway/adapter/internal/oasparser/model/api_yaml.go:185.32,187.3 1 0
github.com/wso2/product-microgateway/adapter/internal/oasparser/model/api_yaml.go:191.57,193.3 1 0
github.com/wso2/product-microgateway/adapter/internal/oasparser/model/api_yaml.go:195.18,198.3 2 0
github.com/wso2/product-microgateway/adapter/internal/oasparser/model/api_yaml.go:200.80,201.70 1 0
github.com/wso2/product-microgateway/adapter/internal/oasparser/model/api_yaml.go:206.3,206.67 1 0
github.com/wso2/product-microgateway/adapter/internal/oasparser/model/api_yaml.go:201.70,202.86 1 0
github.com/wso2/product-microgateway/adapter/internal/oasparser/model/api_yaml.go:202.86,204.5 1 0
github.com/wso2/product-microgateway/adapter/internal/oasparser/model/api_yaml.go:206.67,207.86 1 0
github.com/wso2/product-microgateway/adapter/internal/oasparser/model/api_yaml.go:207.86,209.5 1 0
github.com/wso2/product-microgateway/adapter/internal/oasparser/model/api_yaml.go:217.49,219.29 2 0
github.com/wso2/product-microgateway/adapter/internal/oasparser/model/api_yaml.go:234.2,235.29 2 0
github.com/wso2/product-microgateway/adapter/internal/oasparser/model/api_yaml.go:219.29,220.63 1 0
github.com/wso2/product-microgateway/adapter/internal/oasparser/model/api_yaml.go:220.63,225.4 4 0
github.com/wso2/product-microgateway/adapter/internal/oasparser/model/api_yaml.go:225.9,225.61 1 0
github.com/wso2/product-microgateway/adapter/internal/oasparser/model/api_yaml.go:225.61,230.4 4 0
github.com/wso2/product-microgateway/adapter/internal/oasparser/model/api_yaml.go:230.9,232.4 1 0
github.com/wso2/product-microgateway/adapter/internal/oasparser/model/api_yaml.go:235.29,236.63 1 0
github.com/wso2/product-microgateway/adapter/internal/oasparser/model/api_yaml.go:236.63,242.4 4 0
github.com/wso2/product-microgateway/adapter/internal/oasparser/model/api_yaml.go:242.9,242.61 1 0
github.com/wso2/product-microgateway/adapter/internal/oasparser/model/api_yaml.go:242.61,247.4 4 0
github.com/wso2/product-microgateway/adapter/internal/oasparser/model/api_yaml.go:247.9,249.4 1 0
github.com/wso2/product-microgateway/adapter/internal/oasparser/model/api_yaml.go:254.54,256.19 2 0
github.com/wso2/product-microgateway/adapter/internal/oasparser/model/api_yaml.go:265.2,265.12 1 0
github.com/wso2/product-microgateway/adapter/internal/oasparser/model/api_yaml.go:256.19,260.3 2 0
github.com/wso2/product-microgateway/adapter/internal/oasparser/model/api_yaml.go:260.8,260.65 1 0
github.com/wso2/product-microgateway/adapter/internal/oasparser/model/api_yaml.go:260.65,264.3 3 0
github.com/wso2/product-microgateway/adapter/internal/oasparser/model/async_api.go:85.69,91.43 5 1
github.com/wso2/product-microgateway/adapter/internal/oasparser/model/async_api.go:101.2,101.40 1 1
github.com/wso2/product-microgateway/adapter/internal/oasparser/model/async_api.go:111.2,111.12 1 1
github.com/wso2/product-microgateway/adapter/internal/oasparser/model/async_api.go:91.43,93.17 2 1
github.com/wso2/product-microgateway/adapter/internal/oasparser/model/async_api.go:93.17,97.4 2 1
github.com/wso2/product-microgateway/adapter/internal/oasparser/model/async_api.go:97.9,99.4 1 0
github.com/wso2/product-microgateway/adapter/internal/oasparser/model/async_api.go:101.40,103.17 2 0
github.com/wso2/product-microgateway/adapter/internal/oasparser/model/async_api.go:103.17,107.4 2 0
github.com/wso2/product-microgateway/adapter/internal/oasparser/model/async_api.go:107.9,109.4 1 0
github.com/wso2/product-microgateway/adapter/internal/oasparser/model/async_api.go:114.64,116.71 2 1
github.com/wso2/product-microgateway/adapter/internal/oasparser/model/async_api.go:120.2,120.24 1 1
github.com/wso2/product-microgateway/adapter/internal/oasparser/model/async_api.go:116.71,119.3 2 1
github.com/wso2/product-microgateway/adapter/internal/oasparser/model/async_api.go:123.53,125.54 2 1
github.com/wso2/product-microgateway/adapter/internal/oasparser/model/async_api.go:163.2,163.33 1 1
github.com/wso2/product-microgateway/adapter/internal/oasparser/model/async_api.go:125.54,129.33 2 2
github.com/wso2/product-microgateway/adapter/internal/oasparser/model/async_api.go:144.3,144.74 1 2
github.com/wso2/product-microgateway/adapter/internal/oasparser/model/async_api.go:148.3,160.43 9 2
github.com/wso2/product-microgateway/adapter/internal/oasparser/model/async_api.go:129.33,131.36 2 1
github.com/wso2/product-microgateway/adapter/internal/oasparser/model/async_api.go:131.36,135.5 1 1
github.com/wso2/product-microgateway/adapter/internal/oasparser/model/async_api.go:136.9,136.42 1 1
github.com/wso2/product-microgateway/adapter/internal/oasparser/model/async_api.go:136.42,138.4 1 1
github.com/wso2/product-microgateway/adapter/internal/oasparser/model/async_api.go:138.9,141.12 2 0
github.com/wso2/product-microgateway/adapter/internal/oasparser/model/async_api.go:144.74,146.4 1 0
github.com/wso2/product-microgateway/adapter/internal/oasparser/model/async_api.go:166.106,169.73 3 2
github.com/wso2/product-microgateway/adapter/internal/oasparser/model/async_api.go:179.2,188.3 4 2
github.com/wso2/product-microgateway/adapter/internal/oasparser/model/async_api.go:169.73,171.45 2 2
github.com/wso2/product-microgateway/adapter/internal/oasparser/model/async_api.go:175.3,175.64 1 2
github.com/wso2/product-microgateway/adapter/internal/oasparser/model/async_api.go:171.45,173.4 1 1
github.com/wso2/product-microgateway/adapter/internal/oasparser/model/async_api.go:176.8,178.3 1 0
github.com/wso2/product-microgateway/adapter/internal/oasparser/model/async_api.go:191.97,192.48 1 2
github.com/wso2/product-microgateway/adapter/internal/oasparser/model/async_api.go:203.2,203.17 1 2
github.com/wso2/product-microgateway/adapter/internal/oasparser/model/async_api.go:192.48,197.38 4 1
github.com/wso2/product-microgateway/adapter/internal/oasparser/model/async_api.go:200.3,201.44 2 1
github.com/wso2/product-microgateway/adapter/internal/oasparser/model/async_api.go:197.38,199.4 1 1
github.com/wso2/product-microgateway/adapter/internal/oasparser/model/async_api.go:206.77,208.51 2 0
github.com/wso2/product-microgateway/adapter/internal/oasparser/model/async_api.go:211.2,211.33 1 0
github.com/wso2/product-microgateway/adapter/internal/oasparser/model/async_api.go:220.2,220.12 1 0
github.com/wso2/product-microgateway/adapter/internal/oasparser/model/async_api.go:208.51,210.3 1 0
github.com/wso2/product-microgateway/adapter/internal/oasparser/model/async_api.go:211.33,213.36 2 0
github.com/wso2/product-microgateway/adapter/internal/oasparser/model/async_api.go:213.36,214.40 1 0
github.com/wso2/product-microgateway/adapter/internal/oasparser/model/async_api.go:217.4,217.42 1 0
github.com/wso2/product-microgateway/adapter/internal/oasparser/model/async_api.go:214.40,216.5 1 0
github.com/wso2/product-microgateway/adapter/internal/oasparser/model/open_api.go:61.76,63.26 2 2
github.com/wso2/product-microgateway/adapter/internal/oasparser/model/open_api.go:69.2,71.45 3 2
github.com/wso2/product-microgateway/adapter/internal/oasparser/model/open_api.go:74.2,75.16 2 2
github.com/wso2/product-microgateway/adapter/internal/oasparser/model/open_api.go:79.2,85.71 4 2
github.com/wso2/product-microgateway/adapter/internal/oasparser/model/open_api.go:103.2,103.12 1 2
github.com/wso2/product-microgateway/adapter/internal/oasparser/model/open_api.go:63.26,67.3 3 1
github.com/wso2/product-microgateway/adapter/internal/oasparser/model/open_api.go:71.45,73.3 1 0
github.com/wso2/product-microgateway/adapter/internal/oasparser/model/open_api.go:75.16,77.3 1 0
github.com/wso2/product-microgateway/adapter/internal/oasparser/model/open_api.go:85.71,86.48 1 0
github.com/wso2/product-microgateway/adapter/internal/oasparser/model/open_api.go:98.3,98.30 1 0
github.com/wso2/product-microgateway/adapter/internal/oasparser/model/open_api.go:86.48,87.76 1 0
github.com/wso2/product-microgateway/adapter/internal/oasparser/model/open_api.go:90.4,91.18 2 0
github.com/wso2/product-microgateway/adapter/internal/oasparser/model/open_api.go:87.76,88.13 1 0
github.com/wso2/product-microgateway/adapter/internal/oasparser/model/open_api.go:91.18,94.5 2 0
github.com/wso2/product-microgateway/adapter/internal/oasparser/model/open_api.go:94.10,96.5 1 0
github.com/wso2/product-microgateway/adapter/internal/oasparser/model/open_api.go:98.30,101.4 2 0
github.com/wso2/product-microgateway/adapter/internal/oasparser/model/open_api.go:106.98,108.21 2 1
github.com/wso2/product-microgateway/adapter/internal/oasparser/model/open_api.go:122.2,122.17 1 1
github.com/wso2/product-microgateway/adapter/internal/oasparser/model/open_api.go:108.21,121.3 1 1
github.com/wso2/product-microgateway/adapter/internal/oasparser/model/open_api.go:125.73,132.26 3 4
github.com/wso2/product-microgateway/adapter/internal/oasparser/model/open_api.go:174.2,174.38 1 4
github.com/wso2/product-microgateway/adapter/internal/oasparser/model/open_api.go:132.26,133.45 1 1
github.com/wso2/product-microgateway/adapter/internal/oasparser/model/open_api.go:133.45,138.61 4 1
github.com/wso2/product-microgateway/adapter/internal/oasparser/model/open_api.go:150.4,152.48 3 1
github.com/wso2/product-microgateway/adapter/internal/oasparser/model/open_api.go:170.4,170.44 1 1
github.com/wso2/product-microgateway/adapter/internal/oasparser/model/open_api.go:138.61,139.25 1 1
github.com/wso2/product-microgateway/adapter/internal/oasparser/model/open_api.go:139.25,140.30 1 1
github.com/wso2/product-microgateway/adapter/internal/oasparser/model/open_api.go:145.6,146.18 2 1
github.com/wso2/product-microgateway/adapter/internal/oasparser/model/open_api.go:140.30,142.7 1 0
github.com/wso2/product-microgateway/adapter/internal/oasparser/model/open_api.go:142.12,142.22 1 1
github.com/wso2/product-microgateway/adapter/internal/oasparser/model/open_api.go:142.22,144.7 1 0
github.com/wso2/product-microgateway/adapter/internal/oasparser/model/open_api.go:152.48,153.50 1 0
github.com/wso2/product-microgateway/adapter/internal/oasparser/model/open_api.go:166.5,166.32 1 0
github.com/wso2/product-microgateway/adapter/internal/oasparser/model/open_api.go:153.50,154.78 1 0
github.com/wso2/product-microgateway/adapter/internal/oasparser/model/open_api.go:157.6,158.20 2 0
github.com/wso2/product-microgateway/adapter/internal/oasparser/model/open_api.go:154.78,155.15 1 0
github.com/wso2/product-microgateway/adapter/internal/oasparser/model/open_api.go:158.20,161.7 1 0
github.com/wso2/product-microgateway/adapter/internal/oasparser/model/open_api.go:161.12,163.7 1 0
github.com/wso2/product-microgateway/adapter/internal/oasparser/model/open_api.go:166.32,168.6 1 0
github.com/wso2/product-microgateway/adapter/internal/oasparser/model/open_api.go:177.75,179.59 2 2
github.com/wso2/product-microgateway/adapter/internal/oasparser/model/open_api.go:183.2,184.24 2 2
github.com/wso2/product-microgateway/adapter/internal/oasparser/model/open_api.go:179.59,182.3 2 0
github.com/wso2/product-microgateway/adapter/internal/oasparser/model/open_api.go:189.79,191.64 2 5
github.com/wso2/product-microgateway/adapter/internal/oasparser/model/open_api.go:194.2,194.88 1 0
github.com/wso2/product-microgateway/adapter/internal/oasparser/model/open_api.go:199.2,199.13 1 0
github.com/wso2/product-microgateway/adapter/internal/oasparser/model/open_api.go:191.64,193.3 1 5
github.com/wso2/product-microgateway/adapter/internal/oasparser/model/open_api.go:194.88,195.40 1 0
github.com/wso2/product-microgateway/adapter/internal/oasparser/model/open_api.go:195.40,197.4 1 0
github.com/wso2/product-microgateway/adapter/internal/oasparser/model/open_api.go:202.88,206.31 4 1
github.com/wso2/product-microgateway/adapter/internal/oasparser/model/open_api.go:210.2,212.40 3 0
github.com/wso2/product-microgateway/adapter/internal/oasparser/model/open_api.go:215.2,217.21 3 0
github.com/wso2/product-microgateway/adapter/internal/oasparser/model/open_api.go:206.31,208.3 1 1
github.com/wso2/product-microgateway/adapter/internal/oasparser/model/open_api.go:212.40,214.3 1 0
github.com/wso2/product-microgateway/adapter/internal/oasparser/model/open_api.go:221.60,222.20 1 3
github.com/wso2/product-microgateway/adapter/internal/oasparser/model/open_api.go:227.2,227.14 1 3
github.com/wso2/product-microgateway/adapter/internal/oasparser/model/open_api.go:222.20,223.49 1 0
github.com/wso2/product-microgateway/adapter/internal/oasparser/model/open_api.go:223.49,225.4 1 0
github.com/wso2/product-microgateway/adapter/internal/oasparser/model/open_api.go:231.105,234.16 3 10
github.com/wso2/product-microgateway/adapter/internal/oasparser/model/open_api.go:238.2,240.16 3 10
github.com/wso2/product-microgateway/adapter/internal/oasparser/model/open_api.go:243.2,243.19 1 10
github.com/wso2/product-microgateway/adapter/internal/oasparser/model/open_api.go:234.16,236.3 1 0
github.com/wso2/product-microgateway/adapter/internal/oasparser/model/open_api.go:240.16,242.3 1 0
github.com/wso2/product-microgateway/adapter/internal/oasparser/model/open_api.go:251.84,253.67 2 5
github.com/wso2/product-microgateway/adapter/internal/oasparser/model/open_api.go:259.2,259.21 1 5
github.com/wso2/product-microgateway/adapter/internal/oasparser/model/open_api.go:253.67,254.30 1 0
github.com/wso2/product-microgateway/adapter/internal/oasparser/model/open_api.go:257.3,257.73 1 0
github.com/wso2/product-microgateway/adapter/internal/oasparser/model/open_api.go:254.30,256.4 1 0
github.com/wso2/product-microgateway/adapter/internal/oasparser/model/open_api.go:263.113,265.12 2 0
github.com/wso2/product-microgateway/adapter/internal/oasparser/model/open_api.go:268.2,268.25 1 0
github.com/wso2/product-microgateway/adapter/internal/oasparser/model/open_api.go:265.12,267.3 1 0
github.com/wso2/product-microgateway/adapter/internal/oasparser/model/open_api.go:274.71,277.66 3 1
github.com/wso2/product-microgateway/adapter/internal/oasparser/model/open_api.go:286.2,286.28 1 1
github.com/wso2/product-microgateway/adapter/internal/oasparser/model/open_api.go:277.66,278.39 1 1
github.com/wso2/product-microgateway/adapter/internal/oasparser/model/open_api.go:284.3,284.73 1 1
github.com/wso2/product-microgateway/adapter/internal/oasparser/model/open_api.go:278.39,279.30 1 0
github.com/wso2/product-microgateway/adapter/internal/oasparser/model/open_api.go:282.4,282.21 1 0
github.com/wso2/product-microgateway/adapter/internal/oasparser/model/open_api.go:279.30,281.5 1 0
github.com/wso2/product-microgateway/adapter/internal/oasparser/model/policy_container.go:42.73,45.4 2 0
github.com/wso2/product-microgateway/adapter/internal/oasparser/model/policy_container.go:99.137,102.42 2 1
github.com/wso2/product-microgateway/adapter/internal/oasparser/model/policy_container.go:112.2,112.43 1 1
github.com/wso2/product-microgateway/adapter/internal/oasparser/model/policy_container.go:122.2,122.40 1 1
github.com/wso2/product-microgateway/adapter/internal/oasparser/model/policy_container.go:132.2,132.25 1 1
github.com/wso2/product-microgateway/adapter/internal/oasparser/model/policy_container.go:102.42,103.101 1 1
github.com/wso2/product-microgateway/adapter/internal/oasparser/model/policy_container.go:103.101,107.4 2 1
github.com/wso2/product-microgateway/adapter/internal/oasparser/model/policy_container.go:107.9,109.4 1 0
github.com/wso2/product-microgateway/adapter/internal/oasparser/model/policy_container.go:112.43,113.102 1 0
github.com/wso2/product-microgateway/adapter/internal/oasparser/model/policy_container.go:113.102,117.4 2 0
github.com/wso2/product-microgateway/adapter/internal/oasparser/model/policy_container.go:117.9,119.4 1 0
github.com/wso2/product-microgateway/adapter/internal/oasparser/model/policy_container.go:122.40,123.104 1 0
github.com/wso2/product-microgateway/adapter/internal/oasparser/model/policy_container.go:123.104,127.4 2 0
github.com/wso2/product-microgateway/adapter/internal/oasparser/model/policy_container.go:127.9,129.4 1 0
github.com/wso2/product-microgateway/adapter/internal/oasparser/model/policy_container.go:136.130,139.58 3 1
github.com/wso2/product-microgateway/adapter/internal/oasparser/model/policy_container.go:149.2,151.16 3 1
github.com/wso2/product-microgateway/adapter/internal/oasparser/model/policy_container.go:160.2,162.16 3 1
github.com/wso2/product-microgateway/adapter/internal/oasparser/model/policy_container.go:171.2,172.58 2 1
github.com/wso2/product-microgateway/adapter/internal/oasparser/model/policy_container.go:182.2,191.54 4 1
github.com/wso2/product-microgateway/adapter/internal/oasparser/model/policy_container.go:199.2,199.20 1 1
github.com/wso2/product-microgateway/adapter/internal/oasparser/model/policy_container.go:139.58,147.3 3 0
github.com/wso2/product-microgateway/adapter/internal/oasparser/model/policy_container.go:151.16,158.3 2 0
github.com/wso2/product-microgateway/adapter/internal/oasparser/model/policy_container.go:162.16,169.3 2 0
github.com/wso2/product-microgateway/adapter/internal/oasparser/model/policy_container.go:172.58,179.3 2 0
github.com/wso2/product-microgateway/adapter/internal/oasparser/model/policy_container.go:191.54,198.3 2 0
github.com/wso2/product-microgateway/adapter/internal/oasparser/model/policy_container.go:203.87,204.86 1 6
github.com/wso2/product-microgateway/adapter/internal/oasparser/model/policy_container.go:208.2,208.61 1 5
github.com/wso2/product-microgateway/adapter/internal/oasparser/model/policy_container.go:211.2,211.66 1 4
github.com/wso2/product-microgateway/adapter/internal/oasparser/model/policy_container.go:215.2,216.8 2 4
github.com/wso2/product-microgateway/adapter/internal/oasparser/model/policy_container.go:239.2,239.12 1 2
github.com/wso2/product-microgateway/adapter/internal/oasparser/model/policy_container.go:204.86,207.3 1 1
github.com/wso2/product-microgateway/adapter/internal/oasparser/model/policy_container.go:208.61,210.3 1 1
github.com/wso2/product-microgateway/adapter/internal/oasparser/model/policy_container.go:211.66,213.3 1 0
github.com/wso2/product-microgateway/adapter/internal/oasparser/model/policy_container.go:216.8,217.53 1 4
github.com/wso2/product-microgateway/adapter/internal/oasparser/model/policy_container.go:217.53,219.33 2 8
github.com/wso2/product-microgateway/adapter/internal/oasparser/model/policy_container.go:223.4,223.27 1 7
github.com/wso2/product-microgateway/adapter/internal/oasparser/model/policy_container.go:219.33,221.5 1 1
github.com/wso2/product-microgateway/adapter/internal/oasparser/model/policy_container.go:224.16,226.23 2 5
github.com/wso2/product-microgateway/adapter/internal/oasparser/model/policy_container.go:226.23,228.20 2 5
github.com/wso2/product-microgateway/adapter/internal/oasparser/model/policy_container.go:231.6,231.29 1 5
github.com/wso2/product-microgateway/adapter/internal/oasparser/model/policy_container.go:228.20,230.7 1 0
github.com/wso2/product-microgateway/adapter/internal/oasparser/model/policy_container.go:231.29,233.7 1 1
github.com/wso2/product-microgateway/adapter/internal/oasparser/model/policy_container.go:243.71,244.74 1 1
github.com/wso2/product-microgateway/adapter/internal/oasparser/model/policy_container.go:244.74,245.53 1 1
github.com/wso2/product-microgateway/adapter/internal/oasparser/model/policy_container.go:252.3,252.31 1 1
github.com/wso2/product-microgateway/adapter/internal/oasparser/model/policy_container.go:245.53,246.72 1 3
github.com/wso2/product-microgateway/adapter/internal/oasparser/model/policy_container.go:246.72,250.5 2 0
github.com/wso2/product-microgateway/adapter/internal/oasparser/model/policy_layout.go:69.49,70.59 1 1
github.com/wso2/product-microgateway/adapter/internal/oasparser/model/policy_layout.go:84.2,84.12 1 1
github.com/wso2/product-microgateway/adapter/internal/oasparser/model/policy_layout.go:70.59,71.55 1 1
github.com/wso2/product-microgateway/adapter/internal/oasparser/model/policy_layout.go:80.3,80.52 1 1
github.com/wso2/product-microgateway/adapter/internal/oasparser/model/policy_layout.go:71.55,72.74 1 2
github.com/wso2/product-microgateway/adapter/internal/oasparser/model/policy_layout.go:72.74,73.44 1 2
github.com/wso2/product-microgateway/adapter/internal/oasparser/model/policy_layout.go:73.44,75.6 1 0
github.com/wso2/product-microgateway/adapter/internal/oasparser/model/policy_layout.go:76.10,78.5 1 0
github.com/wso2/product-microgateway/adapter/internal/oasparser/model/policy_layout.go:81.8,83.3 1 0
github.com/wso2/product-microgateway/adapter/internal/oasparser/model/resource.go:50.63,52.2 1 0
github.com/wso2/product-microgateway/adapter/internal/oasparser/model/resource.go:55.63,57.2 1 0
github.com/wso2/product-microgateway/adapter/internal/oasparser/model/resource.go:60.44,62.2 1 2
github.com/wso2/product-microgateway/adapter/internal/oasparser/model/resource.go:66.42,68.2 1 0
github.com/wso2/product-microgateway/adapter/internal/oasparser/model/resource.go:72.52,74.2 1 4
github.com/wso2/product-microgateway/adapter/internal/oasparser/model/resource.go:78.72,80.2 1 0
github.com/wso2/product-microgateway/adapter/internal/oasparser/model/resource.go:84.52,86.42 2 0
github.com/wso2/product-microgateway/adapter/internal/oasparser/model/resource.go:89.2,89.19 1 0
github.com/wso2/product-microgateway/adapter/internal/oasparser/model/resource.go:86.42,88.3 1 0
github.com/wso2/product-microgateway/adapter/internal/oasparser/model/resource.go:93.56,95.2 1 0
github.com/wso2/product-microgateway/adapter/internal/oasparser/model/resource.go:98.46,100.2 1 0
github.com/wso2/product-microgateway/adapter/internal/oasparser/model/resource.go:105.35,117.2 3 9
github.com/wso2/product-microgateway/adapter/internal/oasparser/model/resource.go:123.27,123.44 1 11
github.com/wso2/product-microgateway/adapter/internal/oasparser/model/resource.go:126.37,155.82 5 25
github.com/wso2/product-microgateway/adapter/internal/oasparser/model/resource.go:161.2,162.72 2 21
github.com/wso2/product-microgateway/adapter/internal/oasparser/model/resource.go:170.2,170.22 1 8
github.com/wso2/product-microgateway/adapter/internal/oasparser/model/resource.go:155.82,157.3 1 4
github.com/wso2/product-microgateway/adapter/internal/oasparser/model/resource.go:162.72,164.3 1 5
github.com/wso2/product-microgateway/adapter/internal/oasparser/model/resource.go:164.8,164.44 1 16
github.com/wso2/product-microgateway/adapter/internal/oasparser/model/resource.go:164.44,166.3 1 6
github.com/wso2/product-microgateway/adapter/internal/oasparser/model/resource.go:166.8,166.44 1 10
github.com/wso2/product-microgateway/adapter/internal/oasparser/model/resource.go:166.44,168.3 1 2
github.com/wso2/product-microgateway/adapter/internal/oasparser/model/resource.go:174.32,174.59 1 16
github.com/wso2/product-microgateway/adapter/internal/oasparser/model/resource.go:177.55,180.2 2 11
github.com/wso2/product-microgateway/adapter/internal/oasparser/model/api_env.go:27.77,32.6 4 0
github.com/wso2/product-microgateway/adapter/internal/oasparser/model/api_env.go:48.2,49.6 2 0
github.com/wso2/product-microgateway/adapter/internal/oasparser/model/api_env.go:64.2,64.46 1 0
github.com/wso2/product-microgateway/adapter/internal/oasparser/model/api_env.go:32.6,34.34 2 0
github.com/wso2/product-microgateway/adapter/internal/oasparser/model/api_env.go:38.3,39.17 2 0
github.com/wso2/product-microgateway/adapter/internal/oasparser/model/api_env.go:44.3,44.12 1 0
github.com/wso2/product-microgateway/adapter/internal/oasparser/model/api_env.go:34.34,35.9 1 0
github.com/wso2/product-microgateway/adapter/internal/oasparser/model/api_env.go:39.17,41.4 1 0
github.com/wso2/product-microgateway/adapter/internal/oasparser/model/api_env.go:41.9,41.39 1 0
github.com/wso2/product-microgateway/adapter/internal/oasparser/model/api_env.go:41.39,43.4 1 0
github.com/wso2/product-microgateway/adapter/internal/oasparser/model/api_env.go:49.6,51.31 2 0
github.com/wso2/product-microgateway/adapter/internal/oasparser/model/api_env.go:55.3,56.17 2 0
github.com/wso2/product-microgateway/adapter/internal/oasparser/model/api_env.go:61.3,61.12 1 0
github.com/wso2/product-microgateway/adapter/internal/oasparser/model/api_env.go:51.31,52.9 1 0
github.com/wso2/product-microgateway/adapter/internal/oasparser/model/api_env.go:56.17,58.4 1 0
github.com/wso2/product-microgateway/adapter/internal/oasparser/model/api_env.go:58.9,58.36 1 0
github.com/wso2/product-microgateway/adapter/internal/oasparser/model/api_env.go:58.36,60.4 1 0
github.com/wso2/product-microgateway/adapter/internal/oasparser/model/api_env.go:68.139,75.2 3 0
github.com/wso2/product-microgateway/adapter/internal/oasparser/model/api_env.go:77.80,79.12 2 0
github.com/wso2/product-microgateway/adapter/internal/oasparser/model/api_env.go:89.2,89.19 1 0
github.com/wso2/product-microgateway/adapter/internal/oasparser/model/api_env.go:79.12,82.17 3 0
github.com/wso2/product-microgateway/adapter/internal/oasparser/model/api_env.go:87.3,87.21 1 0
github.com/wso2/product-microgateway/adapter/internal/oasparser/model/api_env.go:82.17,86.4 2 0
github.com/wso2/product-microgateway/adapter/internal/oasparser/model/api_operation.go:51.90,52.41 1 1
github.com/wso2/product-microgateway/adapter/internal/oasparser/model/api_operation.go:52.41,56.69 2 0
github.com/wso2/product-microgateway/adapter/internal/oasparser/model/api_operation.go:107.3,107.41 1 0
github.com/wso2/product-microgateway/adapter/internal/oasparser/model/api_operation.go:56.69,58.108 2 0
github.com/wso2/product-microgateway/adapter/internal/oasparser/model/api_operation.go:58.108,63.55 2 0
github.com/wso2/product-microgateway/adapter/internal/oasparser/model/api_operation.go:102.5,102.40 1 0
github.com/wso2/product-microgateway/adapter/internal/oasparser/model/api_operation.go:63.55,64.64 1 0
github.com/wso2/product-microgateway/adapter/internal/oasparser/model/api_operation.go:92.6,92.70 1 0
github.com/wso2/product-microgateway/adapter/internal/oasparser/model/api_operation.go:64.64,66.21 2 0
github.com/wso2/product-microgateway/adapter/internal/oasparser/model/api_operation.go:66.21,71.8 1 0
github.com/wso2/product-microgateway/adapter/internal/oasparser/model/api_operation.go:71.13,71.43 1 0
github.com/wso2/product-microgateway/adapter/internal/oasparser/model/api_operation.go:71.43,73.54 2 0
github.com/wso2/product-microgateway/adapter/internal/oasparser/model/api_operation.go:85.8,89.11 1 0
github.com/wso2/product-microgateway/adapter/internal/oasparser/model/api_operation.go:73.54,74.57 1 0
github.com/wso2/product-microgateway/adapter/internal/oasparser/model/api_operation.go:74.57,76.24 2 0
github.com/wso2/product-microgateway/adapter/internal/oasparser/model/api_operation.go:76.24,81.11 1 0
github.com/wso2/product-microgateway/adapter/internal/oasparser/model/api_operation.go:92.70,94.21 2 0
github.com/wso2/product-microgateway/adapter/internal/oasparser/model/api_operation.go:94.21,99.8 1 0
[...]
github.com/wso2/product-microgateway/adapter/internal/svcdiscovery/utils.go:69.32,72.3 2 6
github.com/wso2/product-microgateway/adapter/internal/svcdiscovery/utils.go:80.52,88.20 3 7
github.com/wso2/product-microgateway/adapter/internal/svcdiscovery/utils.go:113.2,113.55 1 1
github.com/wso2/product-microgateway/adapter/internal/svcdiscovery/utils.go:88.20,96.3 2 1
github.com/wso2/product-microgateway/adapter/internal/svcdiscovery/utils.go:96.8,96.27 1 6
github.com/wso2/product-microgateway/adapter/internal/svcdiscovery/utils.go:96.27,104.3 2 2
github.com/wso2/product-microgateway/adapter/internal/svcdiscovery/utils.go:104.8,104.27 1 4
github.com/wso2/product-microgateway/adapter/internal/svcdiscovery/utils.go:104.27,112.3 2 3
github.com/wso2/product-microgateway/adapter/internal/svcdiscovery/watcher.go:75.13,87.2 10 1
github.com/wso2/product-microgateway/adapter/internal/svcdiscovery/watcher.go:90.62,94.2 3 0
github.com/wso2/product-microgateway/adapter/internal/svcdiscovery/watcher.go:97.55,101.2 3 0
github.com/wso2/product-microgateway/adapter/internal/svcdiscovery/watcher.go:104.24,107.20 2 0
github.com/wso2/product-microgateway/adapter/internal/svcdiscovery/watcher.go:111.2,112.20 2 0
github.com/wso2/product-microgateway/adapter/internal/svcdiscovery/watcher.go:116.2,117.20 2 0
github.com/wso2/product-microgateway/adapter/internal/svcdiscovery/watcher.go:121.2,125.12 4 0
github.com/wso2/product-microgateway/adapter/internal/svcdiscovery/watcher.go:107.20,109.3 1 0
github.com/wso2/product-microgateway/adapter/internal/svcdiscovery/watcher.go:112.20,114.3 1 0
github.com/wso2/product-microgateway/adapter/internal/svcdiscovery/watcher.go:117.20,119.3 1 0
github.com/wso2/product-microgateway/adapter/internal/svcdiscovery/watcher.go:130.19,131.27 1 0
github.com/wso2/product-microgateway/adapter/internal/svcdiscovery/watcher.go:131.27,133.25 2 0
github.com/wso2/product-microgateway/adapter/internal/svcdiscovery/watcher.go:137.3,139.25 3 0
github.com/wso2/product-microgateway/adapter/internal/svcdiscovery/watcher.go:144.3,144.37 1 0
github.com/wso2/product-microgateway/adapter/internal/svcdiscovery/watcher.go:133.25,136.4 2 0
github.com/wso2/product-microgateway/adapter/internal/svcdiscovery/watcher.go:139.25,143.4 3 0
github.com/wso2/product-microgateway/adapter/internal/svcdiscovery/watcher.go:144.37,146.26 2 0
github.com/wso2/product-microgateway/adapter/internal/svcdiscovery/watcher.go:151.4,154.29 4 0
github.com/wso2/product-microgateway/adapter/internal/svcdiscovery/watcher.go:159.4,165.68 7 0
github.com/wso2/product-microgateway/adapter/internal/svcdiscovery/watcher.go:146.26,150.5 3 0
github.com/wso2/product-microgateway/adapter/internal/svcdiscovery/watcher.go:154.29,158.5 3 0
github.com/wso2/product-microgateway/adapter/internal/svcdiscovery/watcher.go:166.9,173.46 5 0
github.com/wso2/product-microgateway/adapter/internal/svcdiscovery/watcher.go:173.46,176.5 2 0
github.com/wso2/product-microgateway/adapter/internal/svcdiscovery/watcher.go:183.88,198.2 3 0
github.com/wso2/product-microgateway/adapter/internal/svcdiscovery/watcher.go:201.103,205.30 3 0
github.com/wso2/product-microgateway/adapter/internal/svcdiscovery/watcher.go:208.2,218.53 2 0
github.com/wso2/product-microgateway/adapter/internal/svcdiscovery/watcher.go:234.2,234.27 1 0
github.com/wso2/product-microgateway/adapter/internal/svcdiscovery/watcher.go:205.30,207.3 1 0
github.com/wso2/product-microgateway/adapter/internal/svcdiscovery/watcher.go:218.53,230.3 3 0
github.com/wso2/product-microgateway/adapter/internal/svcdiscovery/watcher.go:239.82,240.20 1 0
github.com/wso2/product-microgateway/adapter/internal/svcdiscovery/watcher.go:241.16,242.37 1 0
github.com/wso2/product-microgateway/adapter/internal/svcdiscovery/watcher.go:243.16,244.37 1 0
github.com/wso2/product-microgateway/adapter/internal/svcdiscovery/watcher.go:245.16,246.37 1 0
github.com/wso2/product-microgateway/adapter/internal/svcdiscovery/watcher.go:247.16,248.37 1 0
github.com/wso2/product-microgateway/adapter/internal/svcdiscovery/watcher.go:249.10,250.38 1 0
github.com/wso2/product-microgateway/adapter/internal/utils/string_utils.go:31.93,34.56 2 5
github.com/wso2/product-microgateway/adapter/internal/utils/string_utils.go:43.2,43.52 1 1
github.com/wso2/product-microgateway/adapter/internal/utils/string_utils.go:34.56,37.16 3 4
github.com/wso2/product-microgateway/adapter/internal/utils/string_utils.go:40.3,40.49 1 3
github.com/wso2/product-microgateway/adapter/internal/utils/string_utils.go:37.16,39.4 1 1
github.com/wso2/product-microgateway/adapter/internal/utils/string_utils.go:47.37,49.2 1 0
github.com/wso2/product-microgateway/adapter/internal/utils/string_utils.go:52.50,53.25 1 0
github.com/wso2/product-microgateway/adapter/internal/utils/string_utils.go:58.2,58.14 1 0
github.com/wso2/product-microgateway/adapter/internal/utils/string_utils.go:53.25,54.13 1 0
github.com/wso2/product-microgateway/adapter/internal/utils/string_utils.go:54.13,56.4 1 0
github.com/wso2/product-microgateway/adapter/pkg/auth/auth.go:37.53,40.2 2 0
github.com/wso2/product-microgateway/adapter/pkg/auth/auth.go:43.49,45.16 2 2
github.com/wso2/product-microgateway/adapter/pkg/auth/auth.go:54.2,56.40 3 2
github.com/wso2/product-microgateway/adapter/pkg/auth/auth.go:87.2,87.64 1 0
github.com/wso2/product-microgateway/adapter/pkg/auth/auth.go:45.16,52.3 2 0
github.com/wso2/product-microgateway/adapter/pkg/auth/auth.go:56.40,58.3 1 1
github.com/wso2/product-microgateway/adapter/pkg/auth/auth.go:58.8,58.27 1 1
github.com/wso2/product-microgateway/adapter/pkg/auth/auth.go:58.27,64.3 2 1
github.com/wso2/product-microgateway/adapter/pkg/auth/auth.go:64.8,64.29 1 0
github.com/wso2/product-microgateway/adapter/pkg/auth/auth.go:64.29,66.17 2 0
github.com/wso2/product-microgateway/adapter/pkg/auth/auth.go:75.3,76.17 2 0
github.com/wso2/product-microgateway/adapter/pkg/auth/auth.go:85.3,85.24 1 0
github.com/wso2/product-microgateway/adapter/pkg/auth/auth.go:66.17,73.4 2 0
github.com/wso2/product-microgateway/adapter/pkg/auth/auth.go:76.17,83.4 2 0
github.com/wso2/product-microgateway/adapter/pkg/config/log_types.go:56.39,78.2 6 1
github.com/wso2/product-microgateway/adapter/pkg/config/parser.go:63.13,66.2 2 1
github.com/wso2/product-microgateway/adapter/pkg/config/parser.go:71.26,72.27 1 3
github.com/wso2/product-microgateway/adapter/pkg/config/parser.go:78.2,78.16 1 3
github.com/wso2/product-microgateway/adapter/pkg/config/parser.go:72.27,74.43 2 1
github.com/wso2/product-microgateway/adapter/pkg/config/parser.go:74.43,76.4 1 0
github.com/wso2/product-microgateway/adapter/pkg/config/parser.go:85.41,87.48 2 1
github.com/wso2/product-microgateway/adapter/pkg/config/parser.go:91.2,92.16 2 1
github.com/wso2/product-microgateway/adapter/pkg/config/parser.go:95.2,95.27 1 1
github.com/wso2/product-microgateway/adapter/pkg/config/parser.go:87.48,90.3 1 1
github.com/wso2/product-microgateway/adapter/pkg/config/parser.go:92.16,94.3 1 0
github.com/wso2/product-microgateway/adapter/pkg/config/parser.go:106.34,107.30 1 5
github.com/wso2/product-microgateway/adapter/pkg/config/parser.go:122.2,122.25 1 5
github.com/wso2/product-microgateway/adapter/pkg/config/parser.go:107.30,110.17 3 1
github.com/wso2/product-microgateway/adapter/pkg/config/parser.go:110.17,112.22 2 1
github.com/wso2/product-microgateway/adapter/pkg/config/parser.go:112.22,114.5 1 0
github.com/wso2/product-microgateway/adapter/pkg/config/parser.go:114.10,116.24 2 1
github.com/wso2/product-microgateway/adapter/pkg/config/parser.go:116.24,118.6 1 0
github.com/wso2/product-microgateway/adapter/pkg/config/parser.go:127.31,129.2 1 0
github.com/wso2/product-microgateway/adapter/pkg/config/parser.go:136.86,138.57 2 57
github.com/wso2/product-microgateway/adapter/pkg/config/parser.go:138.57,142.3 3 284
github.com/wso2/product-microgateway/adapter/pkg/config/parser.go:145.92,148.19 2 284
github.com/wso2/product-microgateway/adapter/pkg/config/parser.go:149.22,150.88 1 93
github.com/wso2/product-microgateway/adapter/pkg/config/parser.go:153.3,153.43 1 93
github.com/wso2/product-microgateway/adapter/pkg/config/parser.go:154.21,155.59 1 28
github.com/wso2/product-microgateway/adapter/pkg/config/parser.go:156.21,158.59 1 0
github.com/wso2/product-microgateway/adapter/pkg/config/parser.go:159.22,160.37 1 43
github.com/wso2/product-microgateway/adapter/pkg/config/parser.go:163.20,164.44 1 41
github.com/wso2/product-microgateway/adapter/pkg/config/parser.go:165.19,166.40 1 65
github.com/wso2/product-microgateway/adapter/pkg/config/parser.go:167.23,168.44 1 2
github.com/wso2/product-microgateway/adapter/pkg/config/parser.go:169.20,170.41 1 11
github.com/wso2/product-microgateway/adapter/pkg/config/parser.go:171.19,172.57 1 1
github.com/wso2/product-microgateway/adapter/pkg/config/parser.go:174.19,174.19 0 0
github.com/wso2/product-microgateway/adapter/pkg/config/parser.go:150.88,152.4 1 2
github.com/wso2/product-microgateway/adapter/pkg/config/parser.go:160.37,162.4 1 43
github.com/wso2/product-microgateway/adapter/pkg/config/parser.go:179.43,182.16 3 3
github.com/wso2/product-microgateway/adapter/pkg/config/parser.go:188.2,188.14 1 2
github.com/wso2/product-microgateway/adapter/pkg/config/parser.go:182.16,184.13 2 3
github.com/wso2/product-microgateway/adapter/pkg/config/parser.go:184.13,186.4 1 1
github.com/wso2/product-microgateway/adapter/pkg/config/parser.go:191.46,194.9 2 284
github.com/wso2/product-microgateway/adapter/pkg/config/parser.go:195.52,196.21 1 65
github.com/wso2/product-microgateway/adapter/pkg/config/parser.go:197.54,198.22 1 11
github.com/wso2/product-microgateway/adapter/pkg/config/parser.go:199.58,200.25 1 2
github.com/wso2/product-microgateway/adapter/pkg/config/parser.go:201.10,202.14 1 206
github.com/wso2/product-microgateway/adapter/pkg/config/parser.go:206.89,208.47 2 28
github.com/wso2/product-microgateway/adapter/pkg/config/parser.go:218.2,218.41 1 28
github.com/wso2/product-microgateway/adapter/pkg/config/parser.go:224.2,225.12 2 28
github.com/wso2/product-microgateway/adapter/pkg/config/parser.go:208.47,210.50 2 29
github.com/wso2/product-microgateway/adapter/pkg/config/parser.go:210.50,212.4 1 7
github.com/wso2/product-microgateway/adapter/pkg/config/parser.go:212.9,213.38 1 22
github.com/wso2/product-microgateway/adapter/pkg/config/parser.go:213.38,215.4 1 1
github.com/wso2/product-microgateway/adapter/pkg/config/parser.go:218.41,222.3 3 12
github.com/wso2/product-microgateway/adapter/pkg/config/parser.go:225.12,227.27 2 9
github.com/wso2/product-microgateway/adapter/pkg/config/parser.go:228.23,229.52 1 1
github.com/wso2/product-microgateway/adapter/pkg/config/parser.go:230.20,233.56 3 1
github.com/wso2/product-microgateway/adapter/pkg/config/parser.go:240.4,240.49 1 1
github.com/wso2/product-microgateway/adapter/pkg/config/parser.go:241.22,243.56 2 1
github.com/wso2/product-microgateway/adapter/pkg/config/parser.go:251.4,251.49 1 1
github.com/wso2/product-microgateway/adapter/pkg/config/parser.go:252.22,254.56 2 1
github.com/wso2/product-microgateway/adapter/pkg/config/parser.go:262.4,262.49 1 1
github.com/wso2/product-microgateway/adapter/pkg/config/parser.go:263.21,265.56 2 2
github.com/wso2/product-microgateway/adapter/pkg/config/parser.go:273.4,273.50 1 1
github.com/wso2/product-microgateway/adapter/pkg/config/parser.go:274.23,276.56 2 1
github.com/wso2/product-microgateway/adapter/pkg/config/parser.go:284.4,284.50 1 1
github.com/wso2/product-microgateway/adapter/pkg/config/parser.go:285.23,287.56 2 1
github.com/wso2/product-microgateway/adapter/pkg/config/parser.go:295.4,295.49 1 1
github.com/wso2/product-microgateway/adapter/pkg/config/parser.go:296.24,298.56 2 1
github.com/wso2/product-microgateway/adapter/pkg/config/parser.go:306.4,306.51 1 1
github.com/wso2/product-microgateway/adapter/pkg/config/parser.go:307.24,310.56 3 0
github.com/wso2/product-microgateway/adapter/pkg/config/parser.go:317.4,317.51 1 0
github.com/wso2/product-microgateway/adapter/pkg/config/parser.go:233.56,235.24 2 2
github.com/wso2/product-microgateway/adapter/pkg/config/parser.go:235.24,238.6 2 0
github.com/wso2/product-microgateway/adapter/pkg/config/parser.go:243.56,245.24 2 1
github.com/wso2/product-microgateway/adapter/pkg/config/parser.go:249.5,249.47 1 1
github.com/wso2/product-microgateway/adapter/pkg/config/parser.go:245.24,248.6 2 0
github.com/wso2/product-microgateway/adapter/pkg/config/parser.go:254.56,256.24 2 1
github.com/wso2/product-microgateway/adapter/pkg/config/parser.go:260.5,260.40 1 1
github.com/wso2/product-microgateway/adapter/pkg/config/parser.go:256.24,259.6 2 0
github.com/wso2/product-microgateway/adapter/pkg/config/parser.go:265.56,267.24 2 2
github.com/wso2/product-microgateway/adapter/pkg/config/parser.go:271.5,271.48 1 1
github.com/wso2/product-microgateway/adapter/pkg/config/parser.go:267.24,270.6 2 1
github.com/wso2/product-microgateway/adapter/pkg/config/parser.go:276.56,278.24 2 1
github.com/wso2/product-microgateway/adapter/pkg/config/parser.go:282.5,282.50 1 1
github.com/wso2/product-microgateway/adapter/pkg/config/parser.go:278.24,281.6 2 0
github.com/wso2/product-microgateway/adapter/pkg/config/parser.go:287.56,289.24 2 1
github.com/wso2/product-microgateway/adapter/pkg/config/parser.go:293.5,293.40 1 1
github.com/wso2/product-microgateway/adapter/pkg/config/parser.go:289.24,292.6 2 0
github.com/wso2/product-microgateway/adapter/pkg/config/parser.go:298.56,300.24 2 2
github.com/wso2/product-microgateway/adapter/pkg/config/parser.go:304.5,304.53 1 2
github.com/wso2/product-microgateway/adapter/pkg/config/parser.go:300.24,303.6 2 0
github.com/wso2/product-microgateway/adapter/pkg/config/parser.go:310.56,312.24 2 0
github.com/wso2/product-microgateway/adapter/pkg/config/parser.go:312.24,315.6 2 0
github.com/wso2/product-microgateway/adapter/pkg/config/parser.go:322.48,324.61 2 9
github.com/wso2/product-microgateway/adapter/pkg/config/parser.go:327.2,327.29 1 9
github.com/wso2/product-microgateway/adapter/pkg/config/parser.go:324.61,326.3 1 12
github.com/wso2/product-microgateway/adapter/pkg/config/parser.go:330.87,332.38 1 1
github.com/wso2/product-microgateway/adapter/pkg/config/parser.go:332.38,333.83 1 2
github.com/wso2/product-microgateway/adapter/pkg/config/parser.go:333.83,337.14 4 2
github.com/wso2/product-microgateway/adapter/pkg/config/parser.go:337.14,339.5 1 1
github.com/wso2/product-microgateway/adapter/pkg/config/parser.go:344.61,346.12 2 93
github.com/wso2/product-microgateway/adapter/pkg/config/parser.go:346.12,348.3 1 2
github.com/wso2/product-microgateway/adapter/pkg/config/parser.go:351.62,355.12 4 41
github.com/wso2/product-microgateway/adapter/pkg/config/parser.go:355.12,357.22 2 2
github.com/wso2/product-microgateway/adapter/pkg/config/parser.go:361.3,361.31 1 1
github.com/wso2/product-microgateway/adapter/pkg/config/parser.go:357.22,360.4 2 1
github.com/wso2/product-microgateway/adapter/pkg/config/parser.go:365.58,369.12 4 65
github.com/wso2/product-microgateway/adapter/pkg/config/parser.go:369.12,371.22 2 3
github.com/wso2/product-microgateway/adapter/pkg/config/parser.go:375.3,375.37 1 3
github.com/wso2/product-microgateway/adapter/pkg/config/parser.go:371.22,374.4 2 0
github.com/wso2/product-microgateway/adapter/pkg/config/parser.go:379.59,383.12 4 11
github.com/wso2/product-microgateway/adapter/pkg/config/parser.go:383.12,385.22 2 1
github.com/wso2/product-microgateway/adapter/pkg/config/parser.go:389.3,389.31 1 1
github.com/wso2/product-microgateway/adapter/pkg/config/parser.go:385.22,388.4 2 0
github.com/wso2/product-microgateway/adapter/pkg/config/parser.go:393.62,397.12 4 2
github.com/wso2/product-microgateway/adapter/pkg/config/parser.go:397.12,399.22 2 2
github.com/wso2/product-microgateway/adapter/pkg/config/parser.go:403.3,403.32 1 2
github.com/wso2/product-microgateway/adapter/pkg/config/parser.go:399.22,402.4 2 0
github.com/wso2/product-microgateway/adapter/pkg/config/parser.go:407.31,409.44 2 1
github.com/wso2/product-microgateway/adapter/pkg/config/parser.go:409.44,410.70 1 53
github.com/wso2/product-microgateway/adapter/pkg/config/parser.go:410.70,414.4 3 20
github.com/wso2/product-microgateway/adapter/pkg/logging/log_format.go:46.13,48.27 2 1
github.com/wso2/product-microgateway/adapter/pkg/logging/log_format.go:49.12,52.90 3 0
github.com/wso2/product-microgateway/adapter/pkg/logging/log_format.go:56.3,56.27 1 0
github.com/wso2/product-microgateway/adapter/pkg/logging/log_format.go:58.12,68.27 4 1
github.com/wso2/product-microgateway/adapter/pkg/logging/log_format.go:52.90,55.4 2 0
github.com/wso2/product-microgateway/adapter/pkg/logging/log_format.go:73.70,83.2 2 5
github.com/wso2/product-microgateway/adapter/pkg/logging/log_format.go:85.50,87.28 2 5
github.com/wso2/product-microgateway/adapter/pkg/logging/log_format.go:90.2,90.38 1 5
github.com/wso2/product-microgateway/adapter/pkg/logging/log_format.go:87.28,89.3 1 8
github.com/wso2/product-microgateway/adapter/pkg/logging/log_format.go:94.41,97.2 2 13
github.com/wso2/product-microgateway/adapter/pkg/logging/log_format.go:100.45,102.2 1 4
github.com/wso2/product-microgateway/adapter/pkg/logging/log_format.go:105.49,107.36 1 8
github.com/wso2/product-microgateway/adapter/pkg/logging/log_format.go:110.2,110.37 1 8
github.com/wso2/product-microgateway/adapter/pkg/logging/log_format.go:113.2,115.116 3 8
github.com/wso2/product-microgateway/adapter/pkg/logging/log_format.go:127.2,127.12 1 8
github.com/wso2/product-microgateway/adapter/pkg/logging/log_format.go:107.36,109.3 1 4
github.com/wso2/product-microgateway/adapter/pkg/logging/log_format.go:110.37,112.3 1 4
github.com/wso2/product-microgateway/adapter/pkg/logging/log_format.go:115.116,126.3 3 2
github.com/wso2/product-microgateway/adapter/pkg/logging/package_logs.go:42.38,44.27 2 2
github.com/wso2/product-microgateway/adapter/pkg/logging/package_logs.go:44.27,46.3 1 0
github.com/wso2/product-microgateway/adapter/pkg/logging/package_logs.go:49.51,51.18 2 4
github.com/wso2/product-microgateway/adapter/pkg/logging/package_logs.go:66.2,66.17 1 4
github.com/wso2/product-microgateway/adapter/pkg/logging/package_logs.go:52.17,53.30 1 0
github.com/wso2/product-microgateway/adapter/pkg/logging/package_logs.go:54.18,55.31 1 0
github.com/wso2/product-microgateway/adapter/pkg/logging/package_logs.go:56.18,57.31 1 0
github.com/wso2/product-microgateway/adapter/pkg/logging/package_logs.go:58.17,59.30 1 4
github.com/wso2/product-microgateway/adapter/pkg/logging/package_logs.go:60.18,61.31 1 0
github.com/wso2/product-microgateway/adapter/pkg/logging/package_logs.go:62.18,63.31 1 0
github.com/wso2/product-microgateway/adapter/pkg/logging/package_logs.go:72.44,90.16 10 2
github.com/wso2/product-microgateway/adapter/pkg/logging/package_logs.go:100.2,100.34 1 2
github.com/wso2/product-microgateway/adapter/pkg/logging/package_logs.go:108.2,108.28 1 2
github.com/wso2/product-microgateway/adapter/pkg/logging/package_logs.go:112.2,113.15 2 2
github.com/wso2/product-microgateway/adapter/pkg/logging/package_logs.go:90.16,94.3 2 2
github.com/wso2/product-microgateway/adapter/pkg/logging/package_logs.go:94.8,98.3 2 0
github.com/wso2/product-microgateway/adapter/pkg/logging/package_logs.go:100.34,101.26 1 4
github.com/wso2/product-microgateway/adapter/pkg/logging/package_logs.go:101.26,104.9 3 0
github.com/wso2/product-microgateway/adapter/pkg/logging/package_logs.go:108.28,110.3 1 2
github.com/wso2/product-microgateway/adapter/pkg/logging/root_logs.go:28.13,32.16 3 1
github.com/wso2/product-microgateway/adapter/pkg/logging/root_logs.go:32.16,34.3 1 1
github.com/wso2/product-microgateway/adapter/pkg/logging/root_logs.go:40.46,50.16 6 2
github.com/wso2/product-microgateway/adapter/pkg/logging/root_logs.go:61.2,63.12 3 2
github.com/wso2/product-microgateway/adapter/pkg/logging/root_logs.go:50.16,55.3 2 1
github.com/wso2/product-microgateway/adapter/pkg/logging/root_logs.go:55.8,59.3 2 1
github.com/wso2/product-microgateway/adapter/pkg/logging/root_logs.go:69.48,82.2 4 1
